<?xml version="1.0" encoding="UTF-8"?>
<testsuite name="com.project.sivakodali.controllers.FilesControllerTest" time="0" tests="1" errors="0" skipped="1" failures="0">
  <properties>
[...]
</properties>
  <testcase name="testGet" classname="com.project.sivakodali.controllers.FilesControllerTest" time="0">
    <skipped/>
    <system-out><![CDATA[17:54:31.051 [main] DEBUG org.springframework.test.context.junit4.SpringJUnit4ClassRunner - SpringJUnit4ClassRunner constructor called with [class com.project.sivakodali.controllers.FilesControllerTest]
17:54:31.065 [main] DEBUG org.springframework.test.context.BootstrapUtils - Instantiating CacheAwareContextLoaderDelegate from class [org.springframework.test.context.cache.DefaultCacheAwareContextLoaderDelegate]
17:54:31.095 [main] DEBUG org.springframework.test.context.BootstrapUtils - Instantiating BootstrapContext using constructor [public org.springframework.test.context.support.DefaultBootstrapContext(java.lang.Class,org.springframework.test.context.CacheAwareContextLoaderDelegate)]
17:54:31.151 [main] DEBUG org.springframework.test.context.BootstrapUtils - Instantiating TestContextBootstrapper for test class [com.project.sivakodali.controllers.FilesControllerTest] from class [org.springframework.boot.test.autoconfigure.web.servlet.WebMvcTestContextBootstrapper]
17:54:31.204 [main] INFO org.springframework.boot.test.autoconfigure.web.servlet.WebMvcTestContextBootstrapper - Neither @ContextConfiguration nor @ContextHierarchy found for test class [com.project.sivakodali.controllers.FilesControllerTest], using SpringBootContextLoader
17:54:31.210 [main] DEBUG org.springframework.test.context.support.AbstractContextLoader - Did not detect default resource location for test class [com.project.sivakodali.controllers.FilesControllerTest]: class path resource [com/project/sivakodali/controllers/FilesControllerTest-context.xml] does not exist
17:54:31.211 [main] DEBUG org.springframework.test.context.support.AbstractContextLoader - Did not detect default resource location for test class [com.project.sivakodali.controllers.FilesControllerTest]: class path resource [com/project/sivakodali/controllers/FilesControllerTestContext.groovy] does not exist
17:54:31.211 [main] INFO org.springframework.test.context.support.AbstractContextLoader - Could not detect default resource locations for test class [com.project.sivakodali.controllers.FilesControllerTest]: no resource found for suffixes {-context.xml, Context.groovy}.
17:54:31.212 [main] INFO org.springframework.test.context.support.AnnotationConfigContextLoaderUtils - Could not detect default configuration classes for test class [com.project.sivakodali.controllers.FilesControllerTest]: FilesControllerTest does not declare any static, non-private, non-final, nested classes annotated with @Configuration.
17:54:31.349 [main] DEBUG org.springframework.test.context.support.ActiveProfilesUtils - Could not find an 'annotation declaring class' for annotation type [org.springframework.test.context.ActiveProfiles] and class [com.project.sivakodali.controllers.FilesControllerTest]
17:54:31.363 [main] DEBUG org.springframework.core.env.StandardEnvironment - Adding PropertySource 'systemProperties' with lowest search precedence
17:54:31.365 [main] DEBUG org.springframework.core.env.StandardEnvironment - Adding PropertySource 'systemEnvironment' with lowest search precedence
17:54:31.374 [main] DEBUG org.springframework.core.env.StandardEnvironment - Initialized StandardEnvironment with PropertySources [MapPropertySource@1607305514 {name='systemProperties', properties={java.runtime.name=Java(TM) SE Runtime Environment, sun.boot.library.path=/Library/Java/JavaVirtualMachines/jdk1.8.0_144.jdk/Contents/Home/jre/lib, java.vm.version=25.144-b01, user.country.format=RU, gopherProxySet=false, java.vm.vendor=Oracle Corporation, java.vendor.url=http://java.oracle.com/, path.separator=:, java.vm.name=Java HotSpot(TM) 64-Bit Server VM, file.encoding.pkg=sun.io, user.country=US, sun.java.launcher=SUN_STANDARD, sun.os.patch.level=unknown, java.vm.specification.name=Java Virtual Machine Specification, user.dir=/Users/alexeybakulin/Projects/files, java.runtime.version=1.8.0_144-b01, basedir=/Users/alexeybakulin/Projects/files, java.awt.graphicsenv=sun.awt.CGraphicsEnvironment, java.endorsed.dirs=/Library/Java/JavaVirtualMachines/jdk1.8.0_144.jdk/Contents/Home/jre/lib/endorsed, os.arch=x86_64, surefire.real.class.path=/Users/alexeybakulin/Projects/files/target/surefire/surefirebooter5906400502298466496.jar, java.io.tmpdir=/var/folders/nx/3g8svsxj0fz0_s7kd17jk_k80000gp/T/, line.separator=
, java.vm.specification.vendor=Oracle Corporation, os.name=Mac OS X, sun.jnu.encoding=UTF-8, java.library.path=/Users/alexeybakulin/Library/Java/Extensions:/Library/Java/Extensions:/Network/Library/Java/Extensions:/System/Library/Java/Extensions:/usr/lib/java:., surefire.test.class.path=/Users/alexeybakulin/Projects/files/target/test-classes:/Users/alexeybakulin/Projects/files/target/classes:/Users/alexeybakulin/.m2/repository/org/apache/logging/log4j/log4j-api/2.7/log4j-api-2.7.jar:/Users/alexeybakulin/.m2/repository/org/apache/logging/log4j/log4j-core/2.7/log4j-core-2.7.jar:/Users/alexeybakulin/.m2/repository/org/springframework/boot/spring-boot-starter-web/1.5.8.RELEASE/spring-boot-starter-web-1.5.8.RELEASE.jar:/Users/alexeybakulin/.m2/repository/org/springframework/boot/spring-boot-starter/1.5.8.RELEASE/spring-boot-starter-1.5.8.RELEASE.jar:/Users/alexeybakulin/.m2/repository/org/springframework/boot/spring-boot/1.5.8.RELEASE/spring-boot-1.5.8.RELEASE.jar:/Users/alexeybakulin/.m2/repository/org/springframework/boot/spring-boot-autoconfigure/1.5.8.RELEASE/spring-boot-autoconfigure-1.5.8.RELEASE.jar:/Users/alexeybakulin/.m2/repository/org/springframework/boot/spring-boot-starter-logging/1.5.8.RELEASE/spring-boot-starter-logging-1.5.8.RELEASE.jar:/Users/alexeybakulin/.m2/repository/ch/qos/logback/logback-classic/1.1.11/logback-classic-1.1.11.jar:/Users/alexeybakulin/.m2/repository/ch/qos/logback/logback-core/1.1.11/logback-core-1.1.11.jar:/Users/alexeybakulin/.m2/repository/org/slf4j/jul-to-slf4j/1.7.25/jul-to-slf4j-1.7.25.jar:/Users/alexeybakulin/.m2/repository/org/slf4j/log4j-over-slf4j/1.7.25/log4j-over-slf4j-1.7.25.jar:/Users/alexeybakulin/.m2/repository/org/yaml/snakeyaml/1.17/snakeyaml-1.17.jar:/Users/alexeybakulin/.m2/repository/org/springframework/boot/spring-boot-starter-tomcat/1.5.8.RELEASE/spring-boot-starter-tomcat-1.5.8.RELEASE.jar:/Users/alexeybakulin/.m2/repository/org/apache/tomcat/embed/tomcat-embed-core/8.5.23/tomcat-embed-core-8.5.23.jar:/Users/alexeybakulin/.m2/repository/org/apache/tomcat/tomcat-annotations-api/8.5.23/tomcat-annotations-api-8.5.23.jar:/Users/alexeybakulin/.m2/repository/org/apache/tomcat/embed/tomcat-embed-el/8.5.23/tomcat-embed-el-8.5.23.jar:/Users/alexeybakulin/.m2/repository/org/apache/tomcat/embed/tomcat-embed-websocket/8.5.23/tomcat-embed-websocket-8.5.23.jar:/Users/alexeybakulin/.m2/repository/org/hibernate/hibernate-validator/5.3.5.Final/hibernate-validator-5.3.5.Final.jar:/Users/alexeybakulin/.m2/repository/javax/validation/validation-api/1.1.0.Final/validation-api-1.1.0.Final.jar:/Users/alexeybakulin/.m2/repository/com/fasterxml/classmate/1.3.4/classmate-1.3.4.jar:/Users/alexeybakulin/.m2/repository/com/fasterxml/jackson/core/jackson-databind/2.8.10/jackson-databind-2.8.10.jar:/Users/alexeybakulin/.m2/repository/org/springframework/spring-web/4.3.12.RELEASE/spring-web-4.3.12.RELEASE.jar:/Users/alexeybakulin/.m2/repository/org/springframework/spring-aop/4.3.12.RELEASE/spring-aop-4.3.12.RELEASE.jar:/Users/alexeybakulin/.m2/repository/org/springframework/spring-beans/4.3.12.RELEASE/spring-beans-4.3.12.RELEASE.jar:/Users/alexeybakulin/.m2/repository/org/springframework/spring-context/4.3.12.RELEASE/spring-context-4.3.12.RELEASE.jar:/Users/alexeybakulin/.m2/repository/org/springframework/spring-webmvc/4.3.12.RELEASE/spring-webmvc-4.3.12.RELEASE.jar:/Users/alexeybakulin/.m2/repository/org/springframework/spring-expression/4.3.12.RELEASE/spring-expression-4.3.12.RELEASE.jar:/Users/alexeybakulin/.m2/repository/org/springframework/boot/spring-boot-starter-data-jpa/1.5.8.RELEASE/spring-boot-starter-data-jpa-1.5.8.RELEASE.jar:/Users/alexeybakulin/.m2/repository/org/springframework/boot/spring-boot-starter-aop/1.5.8.RELEASE/spring-boot-starter-aop-1.5.8.RELEASE.jar:/Users/alexeybakulin/.m2/repository/org/aspectj/aspectjweaver/1.8.11/aspectjweaver-1.8.11.jar:/Users/alexeybakulin/.m2/repository/org/springframework/boot/spring-boot-starter-jdbc/1.5.8.RELEASE/spring-boot-starter-jdbc-1.5.8.RELEASE.jar:/Users/alexeybakulin/.m2/repository/org/apache/tomcat/tomcat-jdbc/8.5.23/tomcat-jdbc-8.5.23.jar:/Users/alexeybakulin/.m2/repository/org/apache/tomcat/tomcat-juli/8.5.23/tomcat-juli-8.5.23.jar:/Users/alexeybakulin/.m2/repository/org/springframework/spring-jdbc/4.3.12.RELEASE/spring-jdbc-4.3.12.RELEASE.jar:/Users/alexeybakulin/.m2/repository/org/hibernate/hibernate-entitymanager/5.0.12.Final/hibernate-entitymanager-5.0.12.Final.jar:/Users/alexeybakulin/.m2/repository/javax/transaction/javax.transaction-api/1.2/javax.transaction-api-1.2.jar:/Users/alexeybakulin/.m2/repository/org/springframework/data/spring-data-jpa/1.11.8.RELEASE/spring-data-jpa-1.11.8.RELEASE.jar:/Users/alexeybakulin/.m2/repository/org/springframework/data/spring-data-commons/1.13.8.RELEASE/spring-data-commons-1.13.8.RELEASE.jar:/Users/alexeybakulin/.m2/repository/org/springframework/spring-orm/4.3.12.RELEASE/spring-orm-4.3.12.RELEASE.jar:/Users/alexeybakulin/.m2/repository/org/springframework/spring-tx/4.3.12.RELEASE/spring-tx-4.3.12.RELEASE.jar:/Users/alexeybakulin/.m2/repository/org/slf4j/slf4j-api/1.7.25/slf4j-api-1.7.25.jar:/Users/alexeybakulin/.m2/repository/org/slf4j/jcl-over-slf4j/1.7.25/jcl-over-slf4j-1.7.25.jar:/Users/alexeybakulin/.m2/repository/org/springframework/spring-aspects/4.3.12.RELEASE/spring-aspects-4.3.12.RELEASE.jar:/Users/alexeybakulin/.m2/repository/com/h2database/h2/1.4.196/h2-1.4.196.jar:/Users/alexeybakulin/.m2/repository/org/hibernate/hibernate-core/5.0.12.Final/hibernate-core-5.0.12.Final.jar:/Users/alexeybakulin/.m2/repository/org/jboss/logging/jboss-logging/3.3.1.Final/jboss-logging-3.3.1.Final.jar:/Users/alexeybakulin/.m2/repository/org/hibernate/javax/persistence/hibernate-jpa-2.1-api/1.0.0.Final/hibernate-jpa-2.1-api-1.0.0.Final.jar:/Users/alexeybakulin/.m2/repository/org/javassist/javassist/3.21.0-GA/javassist-3.21.0-GA.jar:/Users/alexeybakulin/.m2/repository/antlr/antlr/2.7.7/antlr-2.7.7.jar:/Users/alexeybakulin/.m2/repository/org/apache/geronimo/specs/geronimo-jta_1.1_spec/1.1.1/geronimo-jta_1.1_spec-1.1.1.jar:/Users/alexeybakulin/.m2/repository/org/jboss/jandex/2.0.0.Final/jandex-2.0.0.Final.jar:/Users/alexeybakulin/.m2/repository/dom4j/dom4j/1.6.1/dom4j-1.6.1.jar:/Users/alexeybakulin/.m2/repository/org/hibernate/common/hibernate-commons-annotations/5.0.1.Final/hibernate-commons-annotations-5.0.1.Final.jar:/Users/alexeybakulin/.m2/repository/org/hibernate/hibernate-java8/5.0.12.Final/hibernate-java8-5.0.12.Final.jar:/Users/alexeybakulin/.m2/repository/org/springframework/boot/spring-boot-starter-test/1.5.8.RELEASE/spring-boot-starter-test-1.5.8.RELEASE.jar:/Users/alexeybakulin/.m2/repository/org/springframework/boot/spring-boot-test/1.5.8.RELEASE/spring-boot-test-1.5.8.RELEASE.jar:/Users/alexeybakulin/.m2/repository/org/springframework/boot/spring-boot-test-autoconfigure/1.5.8.RELEASE/spring-boot-test-autoconfigure-1.5.8.RELEASE.jar:/Users/alexeybakulin/.m2/repository/com/jayway/jsonpath/json-path/2.2.0/json-path-2.2.0.jar:/Users/alexeybakulin/.m2/repository/net/minidev/json-smart/2.2.1/json-smart-2.2.1.jar:/Users/alexeybakulin/.m2/repository/net/minidev/accessors-smart/1.1/accessors-smart-1.1.jar:/Users/alexeybakulin/.m2/repository/org/ow2/asm/asm/5.0.3/asm-5.0.3.jar:/Users/alexeybakulin/.m2/repository/junit/junit/4.12/junit-4.12.jar:/Users/alexeybakulin/.m2/repository/org/assertj/assertj-core/2.6.0/assertj-core-2.6.0.jar:/Users/alexeybakulin/.m2/repository/org/mockito/mockito-core/1.10.19/mockito-core-1.10.19.jar:/Users/alexeybakulin/.m2/repository/org/objenesis/objenesis/2.1/objenesis-2.1.jar:/Users/alexeybakulin/.m2/repository/org/hamcrest/hamcrest-core/1.3/hamcrest-core-1.3.jar:/Users/alexeybakulin/.m2/repository/org/hamcrest/hamcrest-library/1.3/hamcrest-library-1.3.jar:/Users/alexeybakulin/.m2/repository/org/springframework/spring-core/4.3.12.RELEASE/spring-core-4.3.12.RELEASE.jar:/Users/alexeybakulin/.m2/repository/org/springframework/spring-test/4.3.12.RELEASE/spring-test-4.3.12.RELEASE.jar:/Users/alexeybakulin/.m2/repository/org/skyscreamer/jsonassert/1.5.0/jsonassert-1.5.0.jar:/Users/alexeybakulin/.m2/repository/com/vaadin/external/google/android-json/0.0.20131108.vaadin1/android-json-0.0.20131108.vaadin1.jar:/Users/alexeybakulin/.m2/repository/org/projectlombok/lombok/1.16.18/lombok-1.16.18.jar:/Users/alexeybakulin/.m2/repository/commons-fileupload/commons-fileupload/1.3.2/commons-fileupload-1.3.2.jar:/Users/alexeybakulin/.m2/repository/commons-io/commons-io/2.2/commons-io-2.2.jar:/Users/alexeybakulin/.m2/repository/com/fasterxml/jackson/datatype/jackson-datatype-jsr310/2.8.10/jackson-datatype-jsr310-2.8.10.jar:/Users/alexeybakulin/.m2/repository/com/fasterxml/jackson/core/jackson-annotations/2.8.0/jackson-annotations-2.8.0.jar:/Users/alexeybakulin/.m2/repository/com/fasterxml/jackson/core/jackson-core/2.8.10/jackson-core-2.8.10.jar:, java.specification.name=Java Platform API Specification, java.class.version=52.0, sun.management.compiler=HotSpot 64-Bit Tiered Compilers, os.version=10.12.6, http.nonProxyHosts=local|*.local|169.254/16|*.169.254/16, user.home=/Users/alexeybakulin, user.timezone=Europe/Samara, java.awt.printerjob=sun.lwawt.macosx.CPrinterJob, file.encoding=UTF-8, java.specification.version=1.8, java.class.path=/Users/alexeybakulin/Projects/files/target/test-classes:/Users/alexeybakulin/Projects/files/target/classes:/Users/alexeybakulin/.m2/repository/org/apache/logging/log4j/log4j-api/2.7/log4j-api-2.7.jar:/Users/alexeybakulin/.m2/repository/org/apache/logging/log4j/log4j-core/2.7/log4j-core-2.7.jar:/Users/alexeybakulin/.m2/repository/org/springframework/boot/spring-boot-starter-web/1.5.8.RELEASE/spring-boot-starter-web-1.5.8.RELEASE.jar:/Users/alexeybakulin/.m2/repository/org/springframework/boot/spring-boot-starter/1.5.8.RELEASE/spring-boot-starter-1.5.8.RELEASE.jar:/Users/alexeybakulin/.m2/repository/org/springframework/boot/spring-boot/1.5.8.RELEASE/spring-boot-1.5.8.RELEASE.jar:/Users/alexeybakulin/.m2/repository/org/springframework/boot/spring-boot-autoconfigure/1.5.8.RELEASE/spring-boot-autoconfigure-1.5.8.RELEASE.jar:/Users/alexeybakulin/.m2/repository/org/springframework/boot/spring-boot-starter-logging/1.5.8.RELEASE/spring-boot-starter-logging-1.5.8.RELEASE.jar:/Users/alexeybakulin/.m2/repository/ch/qos/logback/logback-classic/1.1.11/logback-classic-1.1.11.jar:/Users/alexeybakulin/.m2/repository/ch/qos/logback/logback-core/1.1.11/logback-core-1.1.11.jar:/Users/alexeybakulin/.m2/repository/org/slf4j/jul-to-slf4j/1.7.25/jul-to-slf4j-1.7.25.jar:/Users/alexeybakulin/.m2/repository/org/slf4j/log4j-over-slf4j/1.7.25/log4j-over-slf4j-1.7.25.jar:/Users/alexeybakulin/.m2/repository/org/yaml/snakeyaml/1.17/snakeyaml-1.17.jar:/Users/alexeybakulin/.m2/repository/org/springframework/boot/spring-boot-starter-tomcat/1.5.8.RELEASE/spring-boot-starter-tomcat-1.5.8.RELEASE.jar:/Users/alexeybakulin/.m2/repository/org/apache/tomcat/embed/tomcat-embed-core/8.5.23/tomcat-embed-core-8.5.23.jar:/Users/alexeybakulin/.m2/repository/org/apache/tomcat/tomcat-annotations-api/8.5.23/tomcat-annotations-api-8.5.23.jar:/Users/alexeybakulin/.m2/repository/org/apache/tomcat/embed/tomcat-embed-el/8.5.23/tomcat-embed-el-8.5.23.jar:/Users/alexeybakulin/.m2/repository/org/apache/tomcat/embed/tomcat-embed-websocket/8.5.23/tomcat-embed-websocket-8.5.23.jar:/Users/alexeybakulin/.m2/repository/org/hibernate/hibernate-validator/5.3.5.Final/hibernate-validator-5.3.5.Final.jar:/Users/alexeybakulin/.m2/repository/javax/validation/validation-api/1.1.0.Final/validation-api-1.1.0.Final.jar:/Users/alexeybakulin/.m2/repository/com/fasterxml/classmate/1.3.4/classmate-1.3.4.jar:/Users/alexeybakulin/.m2/repository/com/fasterxml/jackson/core/jackson-databind/2.8.10/jackson-databind-2.8.10.jar:/Users/alexeybakulin/.m2/repository/org/springframework/spring-web/4.3.12.RELEASE/spring-web-4.3.12.RELEASE.jar:/Users/alexeybakulin/.m2/repository/org/springframework/spring-aop/4.3.12.RELEASE/spring-aop-4.3.12.RELEASE.jar:/Users/alexeybakulin/.m2/repository/org/springframework/spring-beans/4.3.12.RELEASE/spring-beans-4.3.12.RELEASE.jar:/Users/alexeybakulin/.m2/repository/org/springframework/spring-context/4.3.12.RELEASE/spring-context-4.3.12.RELEASE.jar:/Users/alexeybakulin/.m2/repository/org/springframework/spring-webmvc/4.3.12.RELEASE/spring-webmvc-4.3.12.RELEASE.jar:/Users/alexeybakulin/.m2/repository/org/springframework/spring-expression/4.3.12.RELEASE/spring-expression-4.3.12.RELEASE.jar:/Users/alexeybakulin/.m2/repository/org/springframework/boot/spring-boot-starter-data-jpa/1.5.8.RELEASE/spring-boot-starter-data-jpa-1.5.8.RELEASE.jar:/Users/alexeybakulin/.m2/repository/org/springframework/boot/spring-boot-starter-aop/1.5.8.RELEASE/spring-boot-starter-aop-1.5.8.RELEASE.jar:/Users/alexeybakulin/.m2/repository/org/aspectj/aspectjweaver/1.8.11/aspectjweaver-1.8.11.jar:/Users/alexeybakulin/.m2/repository/org/springframework/boot/spring-boot-starter-jdbc/1.5.8.RELEASE/spring-boot-starter-jdbc-1.5.8.RELEASE.jar:/Users/alexeybakulin/.m2/repository/org/apache/tomcat/tomcat-jdbc/8.5.23/tomcat-jdbc-8.5.23.jar:/Users/alexeybakulin/.m2/repository/org/apache/tomcat/tomcat-juli/8.5.23/tomcat-juli-8.5.23.jar:/Users/alexeybakulin/.m2/repository/org/springframework/spring-jdbc/4.3.12.RELEASE/spring-jdbc-4.3.12.RELEASE.jar:/Users/alexeybakulin/.m2/repository/org/hibernate/hibernate-entitymanager/5.0.12.Final/hibernate-entitymanager-5.0.12.Final.jar:/Users/alexeybakulin/.m2/repository/javax/transaction/javax.transaction-api/1.2/javax.transaction-api-1.2.jar:/Users/alexeybakulin/.m2/repository/org/springframework/data/spring-data-jpa/1.11.8.RELEASE/spring-data-jpa-1.11.8.RELEASE.jar:/Users/alexeybakulin/.m2/repository/org/springframework/data/spring-data-commons/1.13.8.RELEASE/spring-data-commons-1.13.8.RELEASE.jar:/Users/alexeybakulin/.m2/repository/org/springframework/spring-orm/4.3.12.RELEASE/spring-orm-4.3.12.RELEASE.jar:/Users/alexeybakulin/.m2/repository/org/springframework/spring-tx/4.3.12.RELEASE/spring-tx-4.3.12.RELEASE.jar:/Users/alexeybakulin/.m2/repository/org/slf4j/slf4j-api/1.7.25/slf4j-api-1.7.25.jar:/Users/alexeybakulin/.m2/repository/org/slf4j/jcl-over-slf4j/1.7.25/jcl-over-slf4j-1.7.25.jar:/Users/alexeybakulin/.m2/repository/org/springframework/spring-aspects/4.3.12.RELEASE/spring-aspects-4.3.12.RELEASE.jar:/Users/alexeybakulin/.m2/repository/com/h2database/h2/1.4.196/h2-1.4.196.jar:/Users/alexeybakulin/.m2/repository/org/hibernate/hibernate-core/5.0.12.Final/hibernate-core-5.0.12.Final.jar:/Users/alexeybakulin/.m2/repository/org/jboss/logging/jboss-logging/3.3.1.Final/jboss-logging-3.3.1.Final.jar:/Users/alexeybakulin/.m2/repository/org/hibernate/javax/persistence/hibernate-jpa-2.1-api/1.0.0.Final/hibernate-jpa-2.1-api-1.0.0.Final.jar:/Users/alexeybakulin/.m2/repository/org/javassist/javassist/3.21.0-GA/javassist-3.21.0-GA.jar:/Users/alexeybakulin/.m2/repository/antlr/antlr/2.7.7/antlr-2.7.7.jar:/Users/alexeybakulin/.m2/repository/org/apache/geronimo/specs/geronimo-jta_1.1_spec/1.1.1/geronimo-jta_1.1_spec-1.1.1.jar:/Users/alexeybakulin/.m2/repository/org/jboss/jandex/2.0.0.Final/jandex-2.0.0.Final.jar:/Users/alexeybakulin/.m2/repository/dom4j/dom4j/1.6.1/dom4j-1.6.1.jar:/Users/alexeybakulin/.m2/repository/org/hibernate/common/hibernate-commons-annotations/5.0.1.Final/hibernate-commons-annotations-5.0.1.Final.jar:/Users/alexeybakulin/.m2/repository/org/hibernate/hibernate-java8/5.0.12.Final/hibernate-java8-5.0.12.Final.jar:/Users/alexeybakulin/.m2/repository/org/springframework/boot/spring-boot-starter-test/1.5.8.RELEASE/spring-boot-starter-test-1.5.8.RELEASE.jar:/Users/alexeybakulin/.m2/repository/org/springframework/boot/spring-boot-test/1.5.8.RELEASE/spring-boot-test-1.5.8.RELEASE.jar:/Users/alexeybakulin/.m2/repository/org/springframework/boot/spring-boot-test-autoconfigure/1.5.8.RELEASE/spring-boot-test-autoconfigure-1.5.8.RELEASE.jar:/Users/alexeybakulin/.m2/repository/com/jayway/jsonpath/json-path/2.2.0/json-path-2.2.0.jar:/Users/alexeybakulin/.m2/repository/net/minidev/json-smart/2.2.1/json-smart-2.2.1.jar:/Users/alexeybakulin/.m2/repository/net/minidev/accessors-smart/1.1/accessors-smart-1.1.jar:/Users/alexeybakulin/.m2/repository/org/ow2/asm/asm/5.0.3/asm-5.0.3.jar:/Users/alexeybakulin/.m2/repository/junit/junit/4.12/junit-4.12.jar:/Users/alexeybakulin/.m2/repository/org/assertj/assertj-core/2.6.0/assertj-core-2.6.0.jar:/Users/alexeybakulin/.m2/repository/org/mockito/mockito-core/1.10.19/mockito-core-1.10.19.jar:/Users/alexeybakulin/.m2/repository/org/objenesis/objenesis/2.1/objenesis-2.1.jar:/Users/alexeybakulin/.m2/repository/org/hamcrest/hamcrest-core/1.3/hamcrest-core-1.3.jar:/Users/alexeybakulin/.m2/repository/org/hamcrest/hamcrest-library/1.3/hamcrest-library-1.3.jar:/Users/alexeybakulin/.m2/repository/org/springframework/spring-core/4.3.12.RELEASE/spring-core-4.3.12.RELEASE.jar:/Users/alexeybakulin/.m2/repository/org/springframework/spring-test/4.3.12.RELEASE/spring-test-4.3.12.RELEASE.jar:/Users/alexeybakulin/.m2/repository/org/skyscreamer/jsonassert/1.5.0/jsonassert-1.5.0.jar:/Users/alexeybakulin/.m2/repository/com/vaadin/external/google/android-json/0.0.20131108.vaadin1/android-json-0.0.20131108.vaadin1.jar:/Users/alexeybakulin/.m2/repository/org/projectlombok/lombok/1.16.18/lombok-1.16.18.jar:/Users/alexeybakulin/.m2/repository/commons-fileupload/commons-fileupload/1.3.2/commons-fileupload-1.3.2.jar:/Users/alexeybakulin/.m2/repository/commons-io/commons-io/2.2/commons-io-2.2.jar:/Users/alexeybakulin/.m2/repository/com/fasterxml/jackson/datatype/jackson-datatype-jsr310/2.8.10/jackson-datatype-jsr310-2.8.10.jar:/Users/alexeybakulin/.m2/repository/com/fasterxml/jackson/core/jackson-annotations/2.8.0/jackson-annotations-2.8.0.jar:/Users/alexeybakulin/.m2/repository/com/fasterxml/jackson/core/jackson-core/2.8.10/jackson-core-2.8.10.jar:, user.name=alexeybakulin, java.vm.specification.version=1.8, sun.java.command=/Users/alexeybakulin/Projects/files/target/surefire/surefirebooter5906400502298466496.jar /Users/alexeybakulin/Projects/files/target/surefire/surefire681321452025312312tmp /Users/alexeybakulin/Projects/files/target/surefire/surefire_06600459969130154534tmp, java.home=/Library/Java/JavaVirtualMachines/jdk1.8.0_144.jdk/Contents/Home/jre, sun.arch.data.model=64, user.language=en, java.specification.vendor=Oracle Corporation, awt.toolkit=sun.lwawt.macosx.LWCToolkit, java.vm.info=mixed mode, java.version=1.8.0_144, java.ext.dirs=/Users/alexeybakulin/Library/Java/Extensions:/Library/Java/JavaVirtualMachines/jdk1.8.0_144.jdk/Contents/Home/jre/lib/ext:/Library/Java/Extensions:/Network/Library/Java/Extensions:/System/Library/Java/Extensions:/usr/lib/java, sun.boot.class.path=/Library/Java/JavaVirtualMachines/jdk1.8.0_144.jdk/Contents/Home/jre/lib/resources.jar:/Library/Java/JavaVirtualMachines/jdk1.8.0_144.jdk/Contents/Home/jre/lib/rt.jar:/Library/Java/JavaVirtualMachines/jdk1.8.0_144.jdk/Contents/Home/jre/lib/sunrsasign.jar:/Library/Java/JavaVirtualMachines/jdk1.8.0_144.jdk/Contents/Home/jre/lib/jsse.jar:/Library/Java/JavaVirtualMachines/jdk1.8.0_144.jdk/Contents/Home/jre/lib/jce.jar:/Library/Java/JavaVirtualMachines/jdk1.8.0_144.jdk/Contents/Home/jre/lib/charsets.jar:/Library/Java/JavaVirtualMachines/jdk1.8.0_144.jdk/Contents/Home/jre/lib/jfr.jar:/Library/Java/JavaVirtualMachines/jdk1.8.0_144.jdk/Contents/Home/jre/classes, java.vendor=Oracle Corporation, localRepository=/Users/alexeybakulin/.m2/repository, file.separator=/, java.vendor.url.bug=http://bugreport.sun.com/bugreport/, sun.io.unicode.encoding=UnicodeBig, sun.cpu.endian=little, socksNonProxyHosts=local|*.local|169.254/16|*.169.254/16, ftp.nonProxyHosts=local|*.local|169.254/16|*.169.254/16, sun.cpu.isalist=}}, SystemEnvironmentPropertySource@146305349 {name='systemEnvironment', properties={PATH=/opt/geth:/Applications/MySQLWorkbench.app/Contents/MacOS:/opt/flyway:/opt/local/bin:/opt/local/sbin:/opt/hadoop/bin:/opt/maven/bin:/usr/local/bin:/usr/bin:/bin:/usr/sbin:/sbin, JAVA_HOME=/Library/Java/JavaVirtualMachines/jdk1.8.0_144.jdk/Contents/Home, TERM=xterm-256color, JAVA_MAIN_CLASS_19391=org.codehaus.plexus.classworlds.launcher.Launcher, LOGNAME=alexeybakulin, GITAWAREPROMPT=/Users/alexeybakulin/.bash/git-aware-prompt, XPC_SERVICE_NAME=0, PWD=/Users/alexeybakulin/Projects/files, MAVEN_CMD_LINE_ARGS= clean package, JAVA_MAIN_CLASS_19410=org.apache.maven.surefire.booter.ForkedBooter, _=/Library/Java/JavaVirtualMachines/jdk1.8.0_144.jdk/Contents/Home/jre/bin/java, SHELL=/bin/bash, MAVEN_PROJECTBASEDIR=/Users/alexeybakulin/Projects/files, OLDPWD=/Users/alexeybakulin/Projects/files, USER=alexeybakulin, TMPDIR=/var/folders/nx/3g8svsxj0fz0_s7kd17jk_k80000gp/T/, SSH_AUTH_SOCK=/private/tmp/com.apple.launchd.afe7Xfu3kq/Listeners, XPC_FLAGS=0x0, HADOOP_HOME=/opt/hadoop, __CF_USER_TEXT_ENCODING=0x1F6:0x0:0x0, Apple_PubSub_Socket_Render=/private/tmp/com.apple.launchd.sxXwfC3suA/Render, LC_CTYPE=en_US.UTF-8, HOME=/Users/alexeybakulin, SHLVL=2, SUDO_PS1=\[&amp#27;[41m\]\u@\h\[&amp#27;(B&amp#27;[0m\] \w$\n}}]
17:54:31.404 [main] DEBUG org.springframework.core.io.support.PathMatchingResourcePatternResolver - Resolved classpath location [com/project/sivakodali/controllers/] to resources [URL [file:/Users/alexeybakulin/Projects/files/target/test-classes/com/project/sivakodali/controllers/], URL [file:/Users/alexeybakulin/Projects/files/target/classes/com/project/sivakodali/controllers/]]
17:54:31.405 [main] DEBUG org.springframework.core.io.support.PathMatchingResourcePatternResolver - Looking for matching resources in directory tree [/Users/alexeybakulin/Projects/files/target/test-classes/com/project/sivakodali/controllers]
17:54:31.405 [main] DEBUG org.springframework.core.io.support.PathMatchingResourcePatternResolver - Searching directory [/Users/alexeybakulin/Projects/files/target/test-classes/com/project/sivakodali/controllers] for files matching pattern [/Users/alexeybakulin/Projects/files/target/test-classes/com/project/sivakodali/controllers/*.class]
17:54:31.410 [main] DEBUG org.springframework.core.io.support.PathMatchingResourcePatternResolver - Looking for matching resources in directory tree [/Users/alexeybakulin/Projects/files/target/classes/com/project/sivakodali/controllers]
17:54:31.410 [main] DEBUG org.springframework.core.io.support.PathMatchingResourcePatternResolver - Searching directory [/Users/alexeybakulin/Projects/files/target/classes/com/project/sivakodali/controllers] for files matching pattern [/Users/alexeybakulin/Projects/files/target/classes/com/project/sivakodali/controllers/*.class]
17:54:31.411 [main] DEBUG org.springframework.core.io.support.PathMatchingResourcePatternResolver - Resolved location pattern [classpath*:com/project/sivakodali/controllers/*.class] to resources [file [/Users/alexeybakulin/Projects/files/target/test-classes/com/project/sivakodali/controllers/FilesControllerTest.class], file [/Users/alexeybakulin/Projects/files/target/test-classes/com/project/sivakodali/controllers/MetaDataControllerTest.class], file [/Users/alexeybakulin/Projects/files/target/classes/com/project/sivakodali/controllers/FilesController.class], file [/Users/alexeybakulin/Projects/files/target/classes/com/project/sivakodali/controllers/MetaDataController.class]]
17:54:31.470 [main] DEBUG org.springframework.core.io.support.PathMatchingResourcePatternResolver - Resolved classpath location [com/project/sivakodali/] to resources [URL [file:/Users/alexeybakulin/Projects/files/target/test-classes/com/project/sivakodali/], URL [file:/Users/alexeybakulin/Projects/files/target/classes/com/project/sivakodali/]]
17:54:31.470 [main] DEBUG org.springframework.core.io.support.PathMatchingResourcePatternResolver - Looking for matching resources in directory tree [/Users/alexeybakulin/Projects/files/target/test-classes/com/project/sivakodali]
17:54:31.470 [main] DEBUG org.springframework.core.io.support.PathMatchingResourcePatternResolver - Searching directory [/Users/alexeybakulin/Projects/files/target/test-classes/com/project/sivakodali] for files matching pattern [/Users/alexeybakulin/Projects/files/target/test-classes/com/project/sivakodali/*.class]
17:54:31.471 [main] DEBUG org.springframework.core.io.support.PathMatchingResourcePatternResolver - Looking for matching resources in directory tree [/Users/alexeybakulin/Projects/files/target/classes/com/project/sivakodali]
17:54:31.471 [main] DEBUG org.springframework.core.io.support.PathMatchingResourcePatternResolver - Searching directory [/Users/alexeybakulin/Projects/files/target/classes/com/project/sivakodali] for files matching pattern [/Users/alexeybakulin/Projects/files/target/classes/com/project/sivakodali/*.class]
17:54:31.476 [main] DEBUG org.springframework.core.io.support.PathMatchingResourcePatternResolver - Resolved location pattern [classpath*:com/project/sivakodali/*.class] to resources [file [/Users/alexeybakulin/Projects/files/target/classes/com/project/sivakodali/App.class]]
17:54:31.592 [main] DEBUG org.springframework.context.annotation.ClassPathScanningCandidateComponentProvider - Identified candidate component class: file [/Users/alexeybakulin/Projects/files/target/classes/com/project/sivakodali/App.class]
17:54:31.596 [main] INFO org.springframework.boot.test.context.SpringBootTestContextBootstrapper - Found @SpringBootConfiguration com.project.sivakodali.App for test class com.project.sivakodali.controllers.FilesControllerTest
17:54:31.616 [main] DEBUG org.springframework.boot.test.autoconfigure.web.servlet.WebMvcTestContextBootstrapper - @TestExecutionListeners is not present for class [com.project.sivakodali.controllers.FilesControllerTest]: using defaults.
17:54:31.644 [main] INFO org.springframework.boot.test.autoconfigure.web.servlet.WebMvcTestContextBootstrapper - Loaded default TestExecutionListener class names from location [META-INF/spring.factories]: [org.springframework.boot.test.mock.mockito.MockitoTestExecutionListener, org.springframework.boot.test.mock.mockito.ResetMocksTestExecutionListener, org.springframework.boot.test.autoconfigure.restdocs.RestDocsTestExecutionListener, org.springframework.boot.test.autoconfigure.web.client.MockRestServiceServerResetTestExecutionListener, org.springframework.boot.test.autoconfigure.web.servlet.MockMvcPrintOnlyOnFailureTestExecutionListener, org.springframework.boot.test.autoconfigure.web.servlet.WebDriverTestExecutionListener, org.springframework.test.context.web.ServletTestExecutionListener, org.springframework.test.context.support.DirtiesContextBeforeModesTestExecutionListener, org.springframework.test.context.support.DependencyInjectionTestExecutionListener, org.springframework.test.context.support.DirtiesContextTestExecutionListener, org.springframework.test.context.transaction.TransactionalTestExecutionListener, org.springframework.test.context.jdbc.SqlScriptsTestExecutionListener]
17:54:31.779 [main] INFO org.springframework.boot.test.autoconfigure.web.servlet.WebMvcTestContextBootstrapper - Using TestExecutionListeners: [org.springframework.test.context.web.ServletTestExecutionListener@78047b92, org.springframework.test.context.support.DirtiesContextBeforeModesTestExecutionListener@8909f18, org.springframework.boot.test.autoconfigure.SpringBootDependencyInjectionTestExecutionListener@79ca92b9, org.springframework.test.context.support.DirtiesContextTestExecutionListener@1460a8c0, org.springframework.test.context.transaction.TransactionalTestExecutionListener@4f638935, org.springframework.test.context.jdbc.SqlScriptsTestExecutionListener@4387b79e, org.springframework.boot.test.autoconfigure.restdocs.RestDocsTestExecutionListener@6e75aa0d, org.springframework.boot.test.autoconfigure.web.servlet.WebDriverTestExecutionListener@7fc229ab, org.springframework.boot.test.mock.mockito.ResetMocksTestExecutionListener@2cbb3d47, org.springframework.boot.test.autoconfigure.web.client.MockRestServiceServerResetTestExecutionListener@527e5409, org.springframework.boot.test.autoconfigure.web.servlet.MockMvcPrintOnlyOnFailureTestExecutionListener@1198b989, org.springframework.boot.test.mock.mockito.MockitoTestExecutionListener@7ff95560]
17:54:31.880 [main] DEBUG org.springframework.test.context.junit4.SpringJUnit4ClassRunner - SpringJUnit4ClassRunner constructor called with [class com.project.sivakodali.controllers.MetaDataControllerTest]
17:54:31.880 [main] DEBUG org.springframework.test.context.BootstrapUtils - Instantiating CacheAwareContextLoaderDelegate from class [org.springframework.test.context.cache.DefaultCacheAwareContextLoaderDelegate]
17:54:31.881 [main] DEBUG org.springframework.test.context.BootstrapUtils - Instantiating BootstrapContext using constructor [public org.springframework.test.context.support.DefaultBootstrapContext(java.lang.Class,org.springframework.test.context.CacheAwareContextLoaderDelegate)]
17:54:31.882 [main] DEBUG org.springframework.test.context.BootstrapUtils - Instantiating TestContextBootstrapper for test class [com.project.sivakodali.controllers.MetaDataControllerTest] from class [org.springframework.boot.test.autoconfigure.web.servlet.WebMvcTestContextBootstrapper]
17:54:31.883 [main] INFO org.springframework.boot.test.autoconfigure.web.servlet.WebMvcTestContextBootstrapper - Neither @ContextConfiguration nor @ContextHierarchy found for test class [com.project.sivakodali.controllers.MetaDataControllerTest], using SpringBootContextLoader
17:54:31.884 [main] DEBUG org.springframework.test.context.support.AbstractContextLoader - Did not detect default resource location for test class [com.project.sivakodali.controllers.MetaDataControllerTest]: class path resource [com/project/sivakodali/controllers/MetaDataControllerTest-context.xml] does not exist
17:54:31.885 [main] DEBUG org.springframework.test.context.support.AbstractContextLoader - Did not detect default resource location for test class [com.project.sivakodali.controllers.MetaDataControllerTest]: class path resource [com/project/sivakodali/controllers/MetaDataControllerTestContext.groovy] does not exist
17:54:31.885 [main] INFO org.springframework.test.context.support.AbstractContextLoader - Could not detect default resource locations for test class [com.project.sivakodali.controllers.MetaDataControllerTest]: no resource found for suffixes {-context.xml, Context.groovy}.
17:54:31.885 [main] INFO org.springframework.test.context.support.AnnotationConfigContextLoaderUtils - Could not detect default configuration classes for test class [com.project.sivakodali.controllers.MetaDataControllerTest]: MetaDataControllerTest does not declare any static, non-private, non-final, nested classes annotated with @Configuration.
17:54:32.059 [main] DEBUG org.springframework.test.context.support.ActiveProfilesUtils - Could not find an 'annotation declaring class' for annotation type [org.springframework.test.context.ActiveProfiles] and class [com.project.sivakodali.controllers.MetaDataControllerTest]
17:54:32.059 [main] DEBUG org.springframework.core.env.StandardEnvironment - Adding PropertySource 'systemProperties' with lowest search precedence
17:54:32.060 [main] DEBUG org.springframework.core.env.StandardEnvironment - Adding PropertySource 'systemEnvironment' with lowest search precedence
17:54:32.062 [main] DEBUG org.springframework.core.env.StandardEnvironment - Initialized StandardEnvironment with PropertySources [MapPropertySource@2128029086 {name='systemProperties', properties={java.runtime.name=Java(TM) SE Runtime Environment, sun.boot.library.path=/Library/Java/JavaVirtualMachines/jdk1.8.0_144.jdk/Contents/Home/jre/lib, java.vm.version=25.144-b01, user.country.format=RU, gopherProxySet=false, java.vm.vendor=Oracle Corporation, java.vendor.url=http://java.oracle.com/, path.separator=:, java.vm.name=Java HotSpot(TM) 64-Bit Server VM, file.encoding.pkg=sun.io, user.country=US, sun.java.launcher=SUN_STANDARD, sun.os.patch.level=unknown, java.vm.specification.name=Java Virtual Machine Specification, user.dir=/Users/alexeybakulin/Projects/files, java.runtime.version=1.8.0_144-b01, basedir=/Users/alexeybakulin/Projects/files, java.awt.graphicsenv=sun.awt.CGraphicsEnvironment, java.endorsed.dirs=/Library/Java/JavaVirtualMachines/jdk1.8.0_144.jdk/Contents/Home/jre/lib/endorsed, os.arch=x86_64, surefire.real.class.path=/Users/alexeybakulin/Projects/files/target/surefire/surefirebooter5906400502298466496.jar, java.io.tmpdir=/var/folders/nx/3g8svsxj0fz0_s7kd17jk_k80000gp/T/, line.separator=
, java.vm.specification.vendor=Oracle Corporation, os.name=Mac OS X, sun.jnu.encoding=UTF-8, java.library.path=/Users/alexeybakulin/Library/Java/Extensions:/Library/Java/Extensions:/Network/Library/Java/Extensions:/System/Library/Java/Extensions:/usr/lib/java:., surefire.test.class.path=/Users/alexeybakulin/Projects/files/target/test-classes:/Users/alexeybakulin/Projects/files/target/classes:/Users/alexeybakulin/.m2/repository/org/apache/logging/log4j/log4j-api/2.7/log4j-api-2.7.jar:/Users/alexeybakulin/.m2/repository/org/apache/logging/log4j/log4j-core/2.7/log4j-core-2.7.jar:/Users/alexeybakulin/.m2/repository/org/springframework/boot/spring-boot-starter-web/1.5.8.RELEASE/spring-boot-starter-web-1.5.8.RELEASE.jar:/Users/alexeybakulin/.m2/repository/org/springframework/boot/spring-boot-starter/1.5.8.RELEASE/spring-boot-starter-1.5.8.RELEASE.jar:/Users/alexeybakulin/.m2/repository/org/springframework/boot/spring-boot/1.5.8.RELEASE/spring-boot-1.5.8.RELEASE.jar:/Users/alexeybakulin/.m2/repository/org/springframework/boot/spring-boot-autoconfigure/1.5.8.RELEASE/spring-boot-autoconfigure-1.5.8.RELEASE.jar:/Users/alexeybakulin/.m2/repository/org/springframework/boot/spring-boot-starter-logging/1.5.8.RELEASE/spring-boot-starter-logging-1.5.8.RELEASE.jar:/Users/alexeybakulin/.m2/repository/ch/qos/logback/logback-classic/1.1.11/logback-classic-1.1.11.jar:/Users/alexeybakulin/.m2/repository/ch/qos/logback/logback-core/1.1.11/logback-core-1.1.11.jar:/Users/alexeybakulin/.m2/repository/org/slf4j/jul-to-slf4j/1.7.25/jul-to-slf4j-1.7.25.jar:/Users/alexeybakulin/.m2/repository/org/slf4j/log4j-over-slf4j/1.7.25/log4j-over-slf4j-1.7.25.jar:/Users/alexeybakulin/.m2/repository/org/yaml/snakeyaml/1.17/snakeyaml-1.17.jar:/Users/alexeybakulin/.m2/repository/org/springframework/boot/spring-boot-starter-tomcat/1.5.8.RELEASE/spring-boot-starter-tomcat-1.5.8.RELEASE.jar:/Users/alexeybakulin/.m2/repository/org/apache/tomcat/embed/tomcat-embed-core/8.5.23/tomcat-embed-core-8.5.23.jar:/Users/alexeybakulin/.m2/repository/org/apache/tomcat/tomcat-annotations-api/8.5.23/tomcat-annotations-api-8.5.23.jar:/Users/alexeybakulin/.m2/repository/org/apache/tomcat/embed/tomcat-embed-el/8.5.23/tomcat-embed-el-8.5.23.jar:/Users/alexeybakulin/.m2/repository/org/apache/tomcat/embed/tomcat-embed-websocket/8.5.23/tomcat-embed-websocket-8.5.23.jar:/Users/alexeybakulin/.m2/repository/org/hibernate/hibernate-validator/5.3.5.Final/hibernate-validator-5.3.5.Final.jar:/Users/alexeybakulin/.m2/repository/javax/validation/validation-api/1.1.0.Final/validation-api-1.1.0.Final.jar:/Users/alexeybakulin/.m2/repository/com/fasterxml/classmate/1.3.4/classmate-1.3.4.jar:/Users/alexeybakulin/.m2/repository/com/fasterxml/jackson/core/jackson-databind/2.8.10/jackson-databind-2.8.10.jar:/Users/alexeybakulin/.m2/repository/org/springframework/spring-web/4.3.12.RELEASE/spring-web-4.3.12.RELEASE.jar:/Users/alexeybakulin/.m2/repository/org/springframework/spring-aop/4.3.12.RELEASE/spring-aop-4.3.12.RELEASE.jar:/Users/alexeybakulin/.m2/repository/org/springframework/spring-beans/4.3.12.RELEASE/spring-beans-4.3.12.RELEASE.jar:/Users/alexeybakulin/.m2/repository/org/springframework/spring-context/4.3.12.RELEASE/spring-context-4.3.12.RELEASE.jar:/Users/alexeybakulin/.m2/repository/org/springframework/spring-webmvc/4.3.12.RELEASE/spring-webmvc-4.3.12.RELEASE.jar:/Users/alexeybakulin/.m2/repository/org/springframework/spring-expression/4.3.12.RELEASE/spring-expression-4.3.12.RELEASE.jar:/Users/alexeybakulin/.m2/repository/org/springframework/boot/spring-boot-starter-data-jpa/1.5.8.RELEASE/spring-boot-starter-data-jpa-1.5.8.RELEASE.jar:/Users/alexeybakulin/.m2/repository/org/springframework/boot/spring-boot-starter-aop/1.5.8.RELEASE/spring-boot-starter-aop-1.5.8.RELEASE.jar:/Users/alexeybakulin/.m2/repository/org/aspectj/aspectjweaver/1.8.11/aspectjweaver-1.8.11.jar:/Users/alexeybakulin/.m2/repository/org/springframework/boot/spring-boot-starter-jdbc/1.5.8.RELEASE/spring-boot-starter-jdbc-1.5.8.RELEASE.jar:/Users/alexeybakulin/.m2/repository/org/apache/tomcat/tomcat-jdbc/8.5.23/tomcat-jdbc-8.5.23.jar:/Users/alexeybakulin/.m2/repository/org/apache/tomcat/tomcat-juli/8.5.23/tomcat-juli-8.5.23.jar:/Users/alexeybakulin/.m2/repository/org/springframework/spring-jdbc/4.3.12.RELEASE/spring-jdbc-4.3.12.RELEASE.jar:/Users/alexeybakulin/.m2/repository/org/hibernate/hibernate-entitymanager/5.0.12.Final/hibernate-entitymanager-5.0.12.Final.jar:/Users/alexeybakulin/.m2/repository/javax/transaction/javax.transaction-api/1.2/javax.transaction-api-1.2.jar:/Users/alexeybakulin/.m2/repository/org/springframework/data/spring-data-jpa/1.11.8.RELEASE/spring-data-jpa-1.11.8.RELEASE.jar:/Users/alexeybakulin/.m2/repository/org/springframework/data/spring-data-commons/1.13.8.RELEASE/spring-data-commons-1.13.8.RELEASE.jar:/Users/alexeybakulin/.m2/repository/org/springframework/spring-orm/4.3.12.RELEASE/spring-orm-4.3.12.RELEASE.jar:/Users/alexeybakulin/.m2/repository/org/springframework/spring-tx/4.3.12.RELEASE/spring-tx-4.3.12.RELEASE.jar:/Users/alexeybakulin/.m2/repository/org/slf4j/slf4j-api/1.7.25/slf4j-api-1.7.25.jar:/Users/alexeybakulin/.m2/repository/org/slf4j/jcl-over-slf4j/1.7.25/jcl-over-slf4j-1.7.25.jar:/Users/alexeybakulin/.m2/repository/org/springframework/spring-aspects/4.3.12.RELEASE/spring-aspects-4.3.12.RELEASE.jar:/Users/alexeybakulin/.m2/repository/com/h2database/h2/1.4.196/h2-1.4.196.jar:/Users/alexeybakulin/.m2/repository/org/hibernate/hibernate-core/5.0.12.Final/hibernate-core-5.0.12.Final.jar:/Users/alexeybakulin/.m2/repository/org/jboss/logging/jboss-logging/3.3.1.Final/jboss-logging-3.3.1.Final.jar:/Users/alexeybakulin/.m2/repository/org/hibernate/javax/persistence/hibernate-jpa-2.1-api/1.0.0.Final/hibernate-jpa-2.1-api-1.0.0.Final.jar:/Users/alexeybakulin/.m2/repository/org/javassist/javassist/3.21.0-GA/javassist-3.21.0-GA.jar:/Users/alexeybakulin/.m2/repository/antlr/antlr/2.7.7/antlr-2.7.7.jar:/Users/alexeybakulin/.m2/repository/org/apache/geronimo/specs/geronimo-jta_1.1_spec/1.1.1/geronimo-jta_1.1_spec-1.1.1.jar:/Users/alexeybakulin/.m2/repository/org/jboss/jandex/2.0.0.Final/jandex-2.0.0.Final.jar:/Users/alexeybakulin/.m2/repository/dom4j/dom4j/1.6.1/dom4j-1.6.1.jar:/Users/alexeybakulin/.m2/repository/org/hibernate/common/hibernate-commons-annotations/5.0.1.Final/hibernate-commons-annotations-5.0.1.Final.jar:/Users/alexeybakulin/.m2/repository/org/hibernate/hibernate-java8/5.0.12.Final/hibernate-java8-5.0.12.Final.jar:/Users/alexeybakulin/.m2/repository/org/springframework/boot/spring-boot-starter-test/1.5.8.RELEASE/spring-boot-starter-test-1.5.8.RELEASE.jar:/Users/alexeybakulin/.m2/repository/org/springframework/boot/spring-boot-test/1.5.8.RELEASE/spring-boot-test-1.5.8.RELEASE.jar:/Users/alexeybakulin/.m2/repository/org/springframework/boot/spring-boot-test-autoconfigure/1.5.8.RELEASE/spring-boot-test-autoconfigure-1.5.8.RELEASE.jar:/Users/alexeybakulin/.m2/repository/com/jayway/jsonpath/json-path/2.2.0/json-path-2.2.0.jar:/Users/alexeybakulin/.m2/repository/net/minidev/json-smart/2.2.1/json-smart-2.2.1.jar:/Users/alexeybakulin/.m2/repository/net/minidev/accessors-smart/1.1/accessors-smart-1.1.jar:/Users/alexeybakulin/.m2/repository/org/ow2/asm/asm/5.0.3/asm-5.0.3.jar:/Users/alexeybakulin/.m2/repository/junit/junit/4.12/junit-4.12.jar:/Users/alexeybakulin/.m2/repository/org/assertj/assertj-core/2.6.0/assertj-core-2.6.0.jar:/Users/alexeybakulin/.m2/repository/org/mockito/mockito-core/1.10.19/mockito-core-1.10.19.jar:/Users/alexeybakulin/.m2/repository/org/objenesis/objenesis/2.1/objenesis-2.1.jar:/Users/alexeybakulin/.m2/repository/org/hamcrest/hamcrest-core/1.3/hamcrest-core-1.3.jar:/Users/alexeybakulin/.m2/repository/org/hamcrest/hamcrest-library/1.3/hamcrest-library-1.3.jar:/Users/alexeybakulin/.m2/repository/org/springframework/spring-core/4.3.12.RELEASE/spring-core-4.3.12.RELEASE.jar:/Users/alexeybakulin/.m2/repository/org/springframework/spring-test/4.3.12.RELEASE/spring-test-4.3.12.RELEASE.jar:/Users/alexeybakulin/.m2/repository/org/skyscreamer/jsonassert/1.5.0/jsonassert-1.5.0.jar:/Users/alexeybakulin/.m2/repository/com/vaadin/external/google/android-json/0.0.20131108.vaadin1/android-json-0.0.20131108.vaadin1.jar:/Users/alexeybakulin/.m2/repository/org/projectlombok/lombok/1.16.18/lombok-1.16.18.jar:/Users/alexeybakulin/.m2/repository/commons-fileupload/commons-fileupload/1.3.2/commons-fileupload-1.3.2.jar:/Users/alexeybakulin/.m2/repository/commons-io/commons-io/2.2/commons-io-2.2.jar:/Users/alexeybakulin/.m2/repository/com/fasterxml/jackson/datatype/jackson-datatype-jsr310/2.8.10/jackson-datatype-jsr310-2.8.10.jar:/Users/alexeybakulin/.m2/repository/com/fasterxml/jackson/core/jackson-annotations/2.8.0/jackson-annotations-2.8.0.jar:/Users/alexeybakulin/.m2/repository/com/fasterxml/jackson/core/jackson-core/2.8.10/jackson-core-2.8.10.jar:, java.specification.name=Java Platform API Specification, java.class.version=52.0, sun.management.compiler=HotSpot 64-Bit Tiered Compilers, os.version=10.12.6, http.nonProxyHosts=local|*.local|169.254/16|*.169.254/16, user.home=/Users/alexeybakulin, user.timezone=Europe/Samara, java.awt.printerjob=sun.lwawt.macosx.CPrinterJob, file.encoding=UTF-8, java.specification.version=1.8, java.class.path=/Users/alexeybakulin/Projects/files/target/test-classes:/Users/alexeybakulin/Projects/files/target/classes:/Users/alexeybakulin/.m2/repository/org/apache/logging/log4j/log4j-api/2.7/log4j-api-2.7.jar:/Users/alexeybakulin/.m2/repository/org/apache/logging/log4j/log4j-core/2.7/log4j-core-2.7.jar:/Users/alexeybakulin/.m2/repository/org/springframework/boot/spring-boot-starter-web/1.5.8.RELEASE/spring-boot-starter-web-1.5.8.RELEASE.jar:/Users/alexeybakulin/.m2/repository/org/springframework/boot/spring-boot-starter/1.5.8.RELEASE/spring-boot-starter-1.5.8.RELEASE.jar:/Users/alexeybakulin/.m2/repository/org/springframework/boot/spring-boot/1.5.8.RELEASE/spring-boot-1.5.8.RELEASE.jar:/Users/alexeybakulin/.m2/repository/org/springframework/boot/spring-boot-autoconfigure/1.5.8.RELEASE/spring-boot-autoconfigure-1.5.8.RELEASE.jar:/Users/alexeybakulin/.m2/repository/org/springframework/boot/spring-boot-starter-logging/1.5.8.RELEASE/spring-boot-starter-logging-1.5.8.RELEASE.jar:/Users/alexeybakulin/.m2/repository/ch/qos/logback/logback-classic/1.1.11/logback-classic-1.1.11.jar:/Users/alexeybakulin/.m2/repository/ch/qos/logback/logback-core/1.1.11/logback-core-1.1.11.jar:/Users/alexeybakulin/.m2/repository/org/slf4j/jul-to-slf4j/1.7.25/jul-to-slf4j-1.7.25.jar:/Users/alexeybakulin/.m2/repository/org/slf4j/log4j-over-slf4j/1.7.25/log4j-over-slf4j-1.7.25.jar:/Users/alexeybakulin/.m2/repository/org/yaml/snakeyaml/1.17/snakeyaml-1.17.jar:/Users/alexeybakulin/.m2/repository/org/springframework/boot/spring-boot-starter-tomcat/1.5.8.RELEASE/spring-boot-starter-tomcat-1.5.8.RELEASE.jar:/Users/alexeybakulin/.m2/repository/org/apache/tomcat/embed/tomcat-embed-core/8.5.23/tomcat-embed-core-8.5.23.jar:/Users/alexeybakulin/.m2/repository/org/apache/tomcat/tomcat-annotations-api/8.5.23/tomcat-annotations-api-8.5.23.jar:/Users/alexeybakulin/.m2/repository/org/apache/tomcat/embed/tomcat-embed-el/8.5.23/tomcat-embed-el-8.5.23.jar:/Users/alexeybakulin/.m2/repository/org/apache/tomcat/embed/tomcat-embed-websocket/8.5.23/tomcat-embed-websocket-8.5.23.jar:/Users/alexeybakulin/.m2/repository/org/hibernate/hibernate-validator/5.3.5.Final/hibernate-validator-5.3.5.Final.jar:/Users/alexeybakulin/.m2/repository/javax/validation/validation-api/1.1.0.Final/validation-api-1.1.0.Final.jar:/Users/alexeybakulin/.m2/repository/com/fasterxml/classmate/1.3.4/classmate-1.3.4.jar:/Users/alexeybakulin/.m2/repository/com/fasterxml/jackson/core/jackson-databind/2.8.10/jackson-databind-2.8.10.jar:/Users/alexeybakulin/.m2/repository/org/springframework/spring-web/4.3.12.RELEASE/spring-web-4.3.12.RELEASE.jar:/Users/alexeybakulin/.m2/repository/org/springframework/spring-aop/4.3.12.RELEASE/spring-aop-4.3.12.RELEASE.jar:/Users/alexeybakulin/.m2/repository/org/springframework/spring-beans/4.3.12.RELEASE/spring-beans-4.3.12.RELEASE.jar:/Users/alexeybakulin/.m2/repository/org/springframework/spring-context/4.3.12.RELEASE/spring-context-4.3.12.RELEASE.jar:/Users/alexeybakulin/.m2/repository/org/springframework/spring-webmvc/4.3.12.RELEASE/spring-webmvc-4.3.12.RELEASE.jar:/Users/alexeybakulin/.m2/repository/org/springframework/spring-expression/4.3.12.RELEASE/spring-expression-4.3.12.RELEASE.jar:/Users/alexeybakulin/.m2/repository/org/springframework/boot/spring-boot-starter-data-jpa/1.5.8.RELEASE/spring-boot-starter-data-jpa-1.5.8.RELEASE.jar:/Users/alexeybakulin/.m2/repository/org/springframework/boot/spring-boot-starter-aop/1.5.8.RELEASE/spring-boot-starter-aop-1.5.8.RELEASE.jar:/Users/alexeybakulin/.m2/repository/org/aspectj/aspectjweaver/1.8.11/aspectjweaver-1.8.11.jar:/Users/alexeybakulin/.m2/repository/org/springframework/boot/spring-boot-starter-jdbc/1.5.8.RELEASE/spring-boot-starter-jdbc-1.5.8.RELEASE.jar:/Users/alexeybakulin/.m2/repository/org/apache/tomcat/tomcat-jdbc/8.5.23/tomcat-jdbc-8.5.23.jar:/Users/alexeybakulin/.m2/repository/org/apache/tomcat/tomcat-juli/8.5.23/tomcat-juli-8.5.23.jar:/Users/alexeybakulin/.m2/repository/org/springframework/spring-jdbc/4.3.12.RELEASE/spring-jdbc-4.3.12.RELEASE.jar:/Users/alexeybakulin/.m2/repository/org/hibernate/hibernate-entitymanager/5.0.12.Final/hibernate-entitymanager-5.0.12.Final.jar:/Users/alexeybakulin/.m2/repository/javax/transaction/javax.transaction-api/1.2/javax.transaction-api-1.2.jar:/Users/alexeybakulin/.m2/repository/org/springframework/data/spring-data-jpa/1.11.8.RELEASE/spring-data-jpa-1.11.8.RELEASE.jar:/Users/alexeybakulin/.m2/repository/org/springframework/data/spring-data-commons/1.13.8.RELEASE/spring-data-commons-1.13.8.RELEASE.jar:/Users/alexeybakulin/.m2/repository/org/springframework/spring-orm/4.3.12.RELEASE/spring-orm-4.3.12.RELEASE.jar:/Users/alexeybakulin/.m2/repository/org/springframework/spring-tx/4.3.12.RELEASE/spring-tx-4.3.12.RELEASE.jar:/Users/alexeybakulin/.m2/repository/org/slf4j/slf4j-api/1.7.25/slf4j-api-1.7.25.jar:/Users/alexeybakulin/.m2/repository/org/slf4j/jcl-over-slf4j/1.7.25/jcl-over-slf4j-1.7.25.jar:/Users/alexeybakulin/.m2/repository/org/springframework/spring-aspects/4.3.12.RELEASE/spring-aspects-4.3.12.RELEASE.jar:/Users/alexeybakulin/.m2/repository/com/h2database/h2/1.4.196/h2-1.4.196.jar:/Users/alexeybakulin/.m2/repository/org/hibernate/hibernate-core/5.0.12.Final/hibernate-core-5.0.12.Final.jar:/Users/alexeybakulin/.m2/repository/org/jboss/logging/jboss-logging/3.3.1.Final/jboss-logging-3.3.1.Final.jar:/Users/alexeybakulin/.m2/repository/org/hibernate/javax/persistence/hibernate-jpa-2.1-api/1.0.0.Final/hibernate-jpa-2.1-api-1.0.0.Final.jar:/Users/alexeybakulin/.m2/repository/org/javassist/javassist/3.21.0-GA/javassist-3.21.0-GA.jar:/Users/alexeybakulin/.m2/repository/antlr/antlr/2.7.7/antlr-2.7.7.jar:/Users/alexeybakulin/.m2/repository/org/apache/geronimo/specs/geronimo-jta_1.1_spec/1.1.1/geronimo-jta_1.1_spec-1.1.1.jar:/Users/alexeybakulin/.m2/repository/org/jboss/jandex/2.0.0.Final/jandex-2.0.0.Final.jar:/Users/alexeybakulin/.m2/repository/dom4j/dom4j/1.6.1/dom4j-1.6.1.jar:/Users/alexeybakulin/.m2/repository/org/hibernate/common/hibernate-commons-annotations/5.0.1.Final/hibernate-commons-annotations-5.0.1.Final.jar:/Users/alexeybakulin/.m2/repository/org/hibernate/hibernate-java8/5.0.12.Final/hibernate-java8-5.0.12.Final.jar:/Users/alexeybakulin/.m2/repository/org/springframework/boot/spring-boot-starter-test/1.5.8.RELEASE/spring-boot-starter-test-1.5.8.RELEASE.jar:/Users/alexeybakulin/.m2/repository/org/springframework/boot/spring-boot-test/1.5.8.RELEASE/spring-boot-test-1.5.8.RELEASE.jar:/Users/alexeybakulin/.m2/repository/org/springframework/boot/spring-boot-test-autoconfigure/1.5.8.RELEASE/spring-boot-test-autoconfigure-1.5.8.RELEASE.jar:/Users/alexeybakulin/.m2/repository/com/jayway/jsonpath/json-path/2.2.0/json-path-2.2.0.jar:/Users/alexeybakulin/.m2/repository/net/minidev/json-smart/2.2.1/json-smart-2.2.1.jar:/Users/alexeybakulin/.m2/repository/net/minidev/accessors-smart/1.1/accessors-smart-1.1.jar:/Users/alexeybakulin/.m2/repository/org/ow2/asm/asm/5.0.3/asm-5.0.3.jar:/Users/alexeybakulin/.m2/repository/junit/junit/4.12/junit-4.12.jar:/Users/alexeybakulin/.m2/repository/org/assertj/assertj-core/2.6.0/assertj-core-2.6.0.jar:/Users/alexeybakulin/.m2/repository/org/mockito/mockito-core/1.10.19/mockito-core-1.10.19.jar:/Users/alexeybakulin/.m2/repository/org/objenesis/objenesis/2.1/objenesis-2.1.jar:/Users/alexeybakulin/.m2/repository/org/hamcrest/hamcrest-core/1.3/hamcrest-core-1.3.jar:/Users/alexeybakulin/.m2/repository/org/hamcrest/hamcrest-library/1.3/hamcrest-library-1.3.jar:/Users/alexeybakulin/.m2/repository/org/springframework/spring-core/4.3.12.RELEASE/spring-core-4.3.12.RELEASE.jar:/Users/alexeybakulin/.m2/repository/org/springframework/spring-test/4.3.12.RELEASE/spring-test-4.3.12.RELEASE.jar:/Users/alexeybakulin/.m2/repository/org/skyscreamer/jsonassert/1.5.0/jsonassert-1.5.0.jar:/Users/alexeybakulin/.m2/repository/com/vaadin/external/google/android-json/0.0.20131108.vaadin1/android-json-0.0.20131108.vaadin1.jar:/Users/alexeybakulin/.m2/repository/org/projectlombok/lombok/1.16.18/lombok-1.16.18.jar:/Users/alexeybakulin/.m2/repository/commons-fileupload/commons-fileupload/1.3.2/commons-fileupload-1.3.2.jar:/Users/alexeybakulin/.m2/repository/commons-io/commons-io/2.2/commons-io-2.2.jar:/Users/alexeybakulin/.m2/repository/com/fasterxml/jackson/datatype/jackson-datatype-jsr310/2.8.10/jackson-datatype-jsr310-2.8.10.jar:/Users/alexeybakulin/.m2/repository/com/fasterxml/jackson/core/jackson-annotations/2.8.0/jackson-annotations-2.8.0.jar:/Users/alexeybakulin/.m2/repository/com/fasterxml/jackson/core/jackson-core/2.8.10/jackson-core-2.8.10.jar:, user.name=alexeybakulin, java.vm.specification.version=1.8, sun.java.command=/Users/alexeybakulin/Projects/files/target/surefire/surefirebooter5906400502298466496.jar /Users/alexeybakulin/Projects/files/target/surefire/surefire681321452025312312tmp /Users/alexeybakulin/Projects/files/target/surefire/surefire_06600459969130154534tmp, java.home=/Library/Java/JavaVirtualMachines/jdk1.8.0_144.jdk/Contents/Home/jre, sun.arch.data.model=64, user.language=en, java.specification.vendor=Oracle Corporation, awt.toolkit=sun.lwawt.macosx.LWCToolkit, java.vm.info=mixed mode, java.version=1.8.0_144, java.ext.dirs=/Users/alexeybakulin/Library/Java/Extensions:/Library/Java/JavaVirtualMachines/jdk1.8.0_144.jdk/Contents/Home/jre/lib/ext:/Library/Java/Extensions:/Network/Library/Java/Extensions:/System/Library/Java/Extensions:/usr/lib/java, sun.boot.class.path=/Library/Java/JavaVirtualMachines/jdk1.8.0_144.jdk/Contents/Home/jre/lib/resources.jar:/Library/Java/JavaVirtualMachines/jdk1.8.0_144.jdk/Contents/Home/jre/lib/rt.jar:/Library/Java/JavaVirtualMachines/jdk1.8.0_144.jdk/Contents/Home/jre/lib/sunrsasign.jar:/Library/Java/JavaVirtualMachines/jdk1.8.0_144.jdk/Contents/Home/jre/lib/jsse.jar:/Library/Java/JavaVirtualMachines/jdk1.8.0_144.jdk/Contents/Home/jre/lib/jce.jar:/Library/Java/JavaVirtualMachines/jdk1.8.0_144.jdk/Contents/Home/jre/lib/charsets.jar:/Library/Java/JavaVirtualMachines/jdk1.8.0_144.jdk/Contents/Home/jre/lib/jfr.jar:/Library/Java/JavaVirtualMachines/jdk1.8.0_144.jdk/Contents/Home/jre/classes, java.vendor=Oracle Corporation, localRepository=/Users/alexeybakulin/.m2/repository, file.separator=/, java.vendor.url.bug=http://bugreport.sun.com/bugreport/, sun.io.unicode.encoding=UnicodeBig, sun.cpu.endian=little, socksNonProxyHosts=local|*.local|169.254/16|*.169.254/16, ftp.nonProxyHosts=local|*.local|169.254/16|*.169.254/16, sun.cpu.isalist=}}, SystemEnvironmentPropertySource@686466458 {name='systemEnvironment', properties={PATH=/opt/geth:/Applications/MySQLWorkbench.app/Contents/MacOS:/opt/flyway:/opt/local/bin:/opt/local/sbin:/opt/hadoop/bin:/opt/maven/bin:/usr/local/bin:/usr/bin:/bin:/usr/sbin:/sbin, JAVA_HOME=/Library/Java/JavaVirtualMachines/jdk1.8.0_144.jdk/Contents/Home, TERM=xterm-256color, JAVA_MAIN_CLASS_19391=org.codehaus.plexus.classworlds.launcher.Launcher, LOGNAME=alexeybakulin, GITAWAREPROMPT=/Users/alexeybakulin/.bash/git-aware-prompt, XPC_SERVICE_NAME=0, PWD=/Users/alexeybakulin/Projects/files, MAVEN_CMD_LINE_ARGS= clean package, JAVA_MAIN_CLASS_19410=org.apache.maven.surefire.booter.ForkedBooter, _=/Library/Java/JavaVirtualMachines/jdk1.8.0_144.jdk/Contents/Home/jre/bin/java, SHELL=/bin/bash, MAVEN_PROJECTBASEDIR=/Users/alexeybakulin/Projects/files, OLDPWD=/Users/alexeybakulin/Projects/files, USER=alexeybakulin, TMPDIR=/var/folders/nx/3g8svsxj0fz0_s7kd17jk_k80000gp/T/, SSH_AUTH_SOCK=/private/tmp/com.apple.launchd.afe7Xfu3kq/Listeners, XPC_FLAGS=0x0, HADOOP_HOME=/opt/hadoop, __CF_USER_TEXT_ENCODING=0x1F6:0x0:0x0, Apple_PubSub_Socket_Render=/private/tmp/com.apple.launchd.sxXwfC3suA/Render, LC_CTYPE=en_US.UTF-8, HOME=/Users/alexeybakulin, SHLVL=2, SUDO_PS1=\[&amp#27;[41m\]\u@\h\[&amp#27;(B&amp#27;[0m\] \w$\n}}]
17:54:32.068 [main] INFO org.springframework.boot.test.context.SpringBootTestContextBootstrapper - Found @SpringBootConfiguration com.project.sivakodali.App for test class com.project.sivakodali.controllers.MetaDataControllerTest
17:54:32.082 [main] DEBUG org.springframework.boot.test.autoconfigure.web.servlet.WebMvcTestContextBootstrapper - @TestExecutionListeners is not present for class [com.project.sivakodali.controllers.MetaDataControllerTest]: using defaults.
17:54:32.088 [main] INFO org.springframework.boot.test.autoconfigure.web.servlet.WebMvcTestContextBootstrapper - Loaded default TestExecutionListener class names from location [META-INF/spring.factories]: [org.springframework.boot.test.mock.mockito.MockitoTestExecutionListener, org.springframework.boot.test.mock.mockito.ResetMocksTestExecutionListener, org.springframework.boot.test.autoconfigure.restdocs.RestDocsTestExecutionListener, org.springframework.boot.test.autoconfigure.web.client.MockRestServiceServerResetTestExecutionListener, org.springframework.boot.test.autoconfigure.web.servlet.MockMvcPrintOnlyOnFailureTestExecutionListener, org.springframework.boot.test.autoconfigure.web.servlet.WebDriverTestExecutionListener, org.springframework.test.context.web.ServletTestExecutionListener, org.springframework.test.context.support.DirtiesContextBeforeModesTestExecutionListener, org.springframework.test.context.support.DependencyInjectionTestExecutionListener, org.springframework.test.context.support.DirtiesContextTestExecutionListener, org.springframework.test.context.transaction.TransactionalTestExecutionListener, org.springframework.test.context.jdbc.SqlScriptsTestExecutionListener]
17:54:32.102 [main] INFO org.springframework.boot.test.autoconfigure.web.servlet.WebMvcTestContextBootstrapper - Using TestExecutionListeners: [org.springframework.test.context.web.ServletTestExecutionListener@f5ac9e4, org.springframework.test.context.support.DirtiesContextBeforeModesTestExecutionListener@123ef382, org.springframework.boot.test.autoconfigure.SpringBootDependencyInjectionTestExecutionListener@dbf57b3, org.springframework.test.context.support.DirtiesContextTestExecutionListener@384ad17b, org.springframework.test.context.transaction.TransactionalTestExecutionListener@61862a7f, org.springframework.test.context.jdbc.SqlScriptsTestExecutionListener@441772e, org.springframework.boot.test.autoconfigure.restdocs.RestDocsTestExecutionListener@7334aada, org.springframework.boot.test.autoconfigure.web.servlet.WebDriverTestExecutionListener@1d9b7cce, org.springframework.boot.test.mock.mockito.ResetMocksTestExecutionListener@4d9e68d0, org.springframework.boot.test.autoconfigure.web.client.MockRestServiceServerResetTestExecutionListener@42e99e4a, org.springframework.boot.test.autoconfigure.web.servlet.MockMvcPrintOnlyOnFailureTestExecutionListener@14dd9eb7, org.springframework.boot.test.mock.mockito.MockitoTestExecutionListener@52e6fdee]
17:54:32.110 [main] DEBUG org.springframework.test.annotation.ProfileValueUtils - Retrieved @ProfileValueSourceConfiguration [null] for test class [com.project.sivakodali.controllers.FilesControllerTest]
17:54:32.111 [main] DEBUG org.springframework.test.annotation.ProfileValueUtils - Retrieved ProfileValueSource type [class org.springframework.test.annotation.SystemProfileValueSource] for class [com.project.sivakodali.controllers.FilesControllerTest]
17:54:32.112 [main] DEBUG org.springframework.test.annotation.ProfileValueUtils - Retrieved @ProfileValueSourceConfiguration [null] for test class [com.project.sivakodali.controllers.MetaDataControllerTest]
17:54:32.112 [main] DEBUG org.springframework.test.annotation.ProfileValueUtils - Retrieved ProfileValueSource type [class org.springframework.test.annotation.SystemProfileValueSource] for class [com.project.sivakodali.controllers.MetaDataControllerTest]
17:54:32.118 [main] DEBUG org.springframework.test.context.junit4.SpringJUnit4ClassRunner - SpringJUnit4ClassRunner constructor called with [class com.project.sivakodali.controllers.FilesControllerTest]
17:54:32.118 [main] DEBUG org.springframework.test.context.BootstrapUtils - Instantiating CacheAwareContextLoaderDelegate from class [org.springframework.test.context.cache.DefaultCacheAwareContextLoaderDelegate]
17:54:32.120 [main] DEBUG org.springframework.test.context.BootstrapUtils - Instantiating BootstrapContext using constructor [public org.springframework.test.context.support.DefaultBootstrapContext(java.lang.Class,org.springframework.test.context.CacheAwareContextLoaderDelegate)]
17:54:32.121 [main] DEBUG org.springframework.test.context.BootstrapUtils - Instantiating TestContextBootstrapper for test class [com.project.sivakodali.controllers.FilesControllerTest] from class [org.springframework.boot.test.autoconfigure.web.servlet.WebMvcTestContextBootstrapper]
17:54:32.124 [main] INFO org.springframework.boot.test.autoconfigure.web.servlet.WebMvcTestContextBootstrapper - Neither @ContextConfiguration nor @ContextHierarchy found for test class [com.project.sivakodali.controllers.FilesControllerTest], using SpringBootContextLoader
17:54:32.130 [main] DEBUG org.springframework.test.context.support.AbstractContextLoader - Did not detect default resource location for test class [com.project.sivakodali.controllers.FilesControllerTest]: class path resource [com/project/sivakodali/controllers/FilesControllerTest-context.xml] does not exist
17:54:32.131 [main] DEBUG org.springframework.test.context.support.AbstractContextLoader - Did not detect default resource location for test class [com.project.sivakodali.controllers.FilesControllerTest]: class path resource [com/project/sivakodali/controllers/FilesControllerTestContext.groovy] does not exist
17:54:32.131 [main] INFO org.springframework.test.context.support.AbstractContextLoader - Could not detect default resource locations for test class [com.project.sivakodali.controllers.FilesControllerTest]: no resource found for suffixes {-context.xml, Context.groovy}.
17:54:32.131 [main] INFO org.springframework.test.context.support.AnnotationConfigContextLoaderUtils - Could not detect default configuration classes for test class [com.project.sivakodali.controllers.FilesControllerTest]: FilesControllerTest does not declare any static, non-private, non-final, nested classes annotated with @Configuration.
17:54:32.193 [main] DEBUG org.springframework.test.context.support.ActiveProfilesUtils - Could not find an 'annotation declaring class' for annotation type [org.springframework.test.context.ActiveProfiles] and class [com.project.sivakodali.controllers.FilesControllerTest]
17:54:32.194 [main] DEBUG org.springframework.core.env.StandardEnvironment - Adding PropertySource 'systemProperties' with lowest search precedence
17:54:32.194 [main] DEBUG org.springframework.core.env.StandardEnvironment - Adding PropertySource 'systemEnvironment' with lowest search precedence
17:54:32.195 [main] DEBUG org.springframework.core.env.StandardEnvironment - Initialized StandardEnvironment with PropertySources [MapPropertySource@2040467681 {name='systemProperties', properties={java.runtime.name=Java(TM) SE Runtime Environment, sun.boot.library.path=/Library/Java/JavaVirtualMachines/jdk1.8.0_144.jdk/Contents/Home/jre/lib, java.vm.version=25.144-b01, user.country.format=RU, gopherProxySet=false, java.vm.vendor=Oracle Corporation, java.vendor.url=http://java.oracle.com/, path.separator=:, java.vm.name=Java HotSpot(TM) 64-Bit Server VM, file.encoding.pkg=sun.io, user.country=US, sun.java.launcher=SUN_STANDARD, sun.os.patch.level=unknown, java.vm.specification.name=Java Virtual Machine Specification, user.dir=/Users/alexeybakulin/Projects/files, java.runtime.version=1.8.0_144-b01, basedir=/Users/alexeybakulin/Projects/files, java.awt.graphicsenv=sun.awt.CGraphicsEnvironment, java.endorsed.dirs=/Library/Java/JavaVirtualMachines/jdk1.8.0_144.jdk/Contents/Home/jre/lib/endorsed, os.arch=x86_64, surefire.real.class.path=/Users/alexeybakulin/Projects/files/target/surefire/surefirebooter5906400502298466496.jar, java.io.tmpdir=/var/folders/nx/3g8svsxj0fz0_s7kd17jk_k80000gp/T/, line.separator=
, java.vm.specification.vendor=Oracle Corporation, os.name=Mac OS X, sun.jnu.encoding=UTF-8, java.library.path=/Users/alexeybakulin/Library/Java/Extensions:/Library/Java/Extensions:/Network/Library/Java/Extensions:/System/Library/Java/Extensions:/usr/lib/java:., surefire.test.class.path=/Users/alexeybakulin/Projects/files/target/test-classes:/Users/alexeybakulin/Projects/files/target/classes:/Users/alexeybakulin/.m2/repository/org/apache/logging/log4j/log4j-api/2.7/log4j-api-2.7.jar:/Users/alexeybakulin/.m2/repository/org/apache/logging/log4j/log4j-core/2.7/log4j-core-2.7.jar:/Users/alexeybakulin/.m2/repository/org/springframework/boot/spring-boot-starter-web/1.5.8.RELEASE/spring-boot-starter-web-1.5.8.RELEASE.jar:/Users/alexeybakulin/.m2/repository/org/springframework/boot/spring-boot-starter/1.5.8.RELEASE/spring-boot-starter-1.5.8.RELEASE.jar:/Users/alexeybakulin/.m2/repository/org/springframework/boot/spring-boot/1.5.8.RELEASE/spring-boot-1.5.8.RELEASE.jar:/Users/alexeybakulin/.m2/repository/org/springframework/boot/spring-boot-autoconfigure/1.5.8.RELEASE/spring-boot-autoconfigure-1.5.8.RELEASE.jar:/Users/alexeybakulin/.m2/repository/org/springframework/boot/spring-boot-starter-logging/1.5.8.RELEASE/spring-boot-starter-logging-1.5.8.RELEASE.jar:/Users/alexeybakulin/.m2/repository/ch/qos/logback/logback-classic/1.1.11/logback-classic-1.1.11.jar:/Users/alexeybakulin/.m2/repository/ch/qos/logback/logback-core/1.1.11/logback-core-1.1.11.jar:/Users/alexeybakulin/.m2/repository/org/slf4j/jul-to-slf4j/1.7.25/jul-to-slf4j-1.7.25.jar:/Users/alexeybakulin/.m2/repository/org/slf4j/log4j-over-slf4j/1.7.25/log4j-over-slf4j-1.7.25.jar:/Users/alexeybakulin/.m2/repository/org/yaml/snakeyaml/1.17/snakeyaml-1.17.jar:/Users/alexeybakulin/.m2/repository/org/springframework/boot/spring-boot-starter-tomcat/1.5.8.RELEASE/spring-boot-starter-tomcat-1.5.8.RELEASE.jar:/Users/alexeybakulin/.m2/repository/org/apache/tomcat/embed/tomcat-embed-core/8.5.23/tomcat-embed-core-8.5.23.jar:/Users/alexeybakulin/.m2/repository/org/apache/tomcat/tomcat-annotations-api/8.5.23/tomcat-annotations-api-8.5.23.jar:/Users/alexeybakulin/.m2/repository/org/apache/tomcat/embed/tomcat-embed-el/8.5.23/tomcat-embed-el-8.5.23.jar:/Users/alexeybakulin/.m2/repository/org/apache/tomcat/embed/tomcat-embed-websocket/8.5.23/tomcat-embed-websocket-8.5.23.jar:/Users/alexeybakulin/.m2/repository/org/hibernate/hibernate-validator/5.3.5.Final/hibernate-validator-5.3.5.Final.jar:/Users/alexeybakulin/.m2/repository/javax/validation/validation-api/1.1.0.Final/validation-api-1.1.0.Final.jar:/Users/alexeybakulin/.m2/repository/com/fasterxml/classmate/1.3.4/classmate-1.3.4.jar:/Users/alexeybakulin/.m2/repository/com/fasterxml/jackson/core/jackson-databind/2.8.10/jackson-databind-2.8.10.jar:/Users/alexeybakulin/.m2/repository/org/springframework/spring-web/4.3.12.RELEASE/spring-web-4.3.12.RELEASE.jar:/Users/alexeybakulin/.m2/repository/org/springframework/spring-aop/4.3.12.RELEASE/spring-aop-4.3.12.RELEASE.jar:/Users/alexeybakulin/.m2/repository/org/springframework/spring-beans/4.3.12.RELEASE/spring-beans-4.3.12.RELEASE.jar:/Users/alexeybakulin/.m2/repository/org/springframework/spring-context/4.3.12.RELEASE/spring-context-4.3.12.RELEASE.jar:/Users/alexeybakulin/.m2/repository/org/springframework/spring-webmvc/4.3.12.RELEASE/spring-webmvc-4.3.12.RELEASE.jar:/Users/alexeybakulin/.m2/repository/org/springframework/spring-expression/4.3.12.RELEASE/spring-expression-4.3.12.RELEASE.jar:/Users/alexeybakulin/.m2/repository/org/springframework/boot/spring-boot-starter-data-jpa/1.5.8.RELEASE/spring-boot-starter-data-jpa-1.5.8.RELEASE.jar:/Users/alexeybakulin/.m2/repository/org/springframework/boot/spring-boot-starter-aop/1.5.8.RELEASE/spring-boot-starter-aop-1.5.8.RELEASE.jar:/Users/alexeybakulin/.m2/repository/org/aspectj/aspectjweaver/1.8.11/aspectjweaver-1.8.11.jar:/Users/alexeybakulin/.m2/repository/org/springframework/boot/spring-boot-starter-jdbc/1.5.8.RELEASE/spring-boot-starter-jdbc-1.5.8.RELEASE.jar:/Users/alexeybakulin/.m2/repository/org/apache/tomcat/tomcat-jdbc/8.5.23/tomcat-jdbc-8.5.23.jar:/Users/alexeybakulin/.m2/repository/org/apache/tomcat/tomcat-juli/8.5.23/tomcat-juli-8.5.23.jar:/Users/alexeybakulin/.m2/repository/org/springframework/spring-jdbc/4.3.12.RELEASE/spring-jdbc-4.3.12.RELEASE.jar:/Users/alexeybakulin/.m2/repository/org/hibernate/hibernate-entitymanager/5.0.12.Final/hibernate-entitymanager-5.0.12.Final.jar:/Users/alexeybakulin/.m2/repository/javax/transaction/javax.transaction-api/1.2/javax.transaction-api-1.2.jar:/Users/alexeybakulin/.m2/repository/org/springframework/data/spring-data-jpa/1.11.8.RELEASE/spring-data-jpa-1.11.8.RELEASE.jar:/Users/alexeybakulin/.m2/repository/org/springframework/data/spring-data-commons/1.13.8.RELEASE/spring-data-commons-1.13.8.RELEASE.jar:/Users/alexeybakulin/.m2/repository/org/springframework/spring-orm/4.3.12.RELEASE/spring-orm-4.3.12.RELEASE.jar:/Users/alexeybakulin/.m2/repository/org/springframework/spring-tx/4.3.12.RELEASE/spring-tx-4.3.12.RELEASE.jar:/Users/alexeybakulin/.m2/repository/org/slf4j/slf4j-api/1.7.25/slf4j-api-1.7.25.jar:/Users/alexeybakulin/.m2/repository/org/slf4j/jcl-over-slf4j/1.7.25/jcl-over-slf4j-1.7.25.jar:/Users/alexeybakulin/.m2/repository/org/springframework/spring-aspects/4.3.12.RELEASE/spring-aspects-4.3.12.RELEASE.jar:/Users/alexeybakulin/.m2/repository/com/h2database/h2/1.4.196/h2-1.4.196.jar:/Users/alexeybakulin/.m2/repository/org/hibernate/hibernate-core/5.0.12.Final/hibernate-core-5.0.12.Final.jar:/Users/alexeybakulin/.m2/repository/org/jboss/logging/jboss-logging/3.3.1.Final/jboss-logging-3.3.1.Final.jar:/Users/alexeybakulin/.m2/repository/org/hibernate/javax/persistence/hibernate-jpa-2.1-api/1.0.0.Final/hibernate-jpa-2.1-api-1.0.0.Final.jar:/Users/alexeybakulin/.m2/repository/org/javassist/javassist/3.21.0-GA/javassist-3.21.0-GA.jar:/Users/alexeybakulin/.m2/repository/antlr/antlr/2.7.7/antlr-2.7.7.jar:/Users/alexeybakulin/.m2/repository/org/apache/geronimo/specs/geronimo-jta_1.1_spec/1.1.1/geronimo-jta_1.1_spec-1.1.1.jar:/Users/alexeybakulin/.m2/repository/org/jboss/jandex/2.0.0.Final/jandex-2.0.0.Final.jar:/Users/alexeybakulin/.m2/repository/dom4j/dom4j/1.6.1/dom4j-1.6.1.jar:/Users/alexeybakulin/.m2/repository/org/hibernate/common/hibernate-commons-annotations/5.0.1.Final/hibernate-commons-annotations-5.0.1.Final.jar:/Users/alexeybakulin/.m2/repository/org/hibernate/hibernate-java8/5.0.12.Final/hibernate-java8-5.0.12.Final.jar:/Users/alexeybakulin/.m2/repository/org/springframework/boot/spring-boot-starter-test/1.5.8.RELEASE/spring-boot-starter-test-1.5.8.RELEASE.jar:/Users/alexeybakulin/.m2/repository/org/springframework/boot/spring-boot-test/1.5.8.RELEASE/spring-boot-test-1.5.8.RELEASE.jar:/Users/alexeybakulin/.m2/repository/org/springframework/boot/spring-boot-test-autoconfigure/1.5.8.RELEASE/spring-boot-test-autoconfigure-1.5.8.RELEASE.jar:/Users/alexeybakulin/.m2/repository/com/jayway/jsonpath/json-path/2.2.0/json-path-2.2.0.jar:/Users/alexeybakulin/.m2/repository/net/minidev/json-smart/2.2.1/json-smart-2.2.1.jar:/Users/alexeybakulin/.m2/repository/net/minidev/accessors-smart/1.1/accessors-smart-1.1.jar:/Users/alexeybakulin/.m2/repository/org/ow2/asm/asm/5.0.3/asm-5.0.3.jar:/Users/alexeybakulin/.m2/repository/junit/junit/4.12/junit-4.12.jar:/Users/alexeybakulin/.m2/repository/org/assertj/assertj-core/2.6.0/assertj-core-2.6.0.jar:/Users/alexeybakulin/.m2/repository/org/mockito/mockito-core/1.10.19/mockito-core-1.10.19.jar:/Users/alexeybakulin/.m2/repository/org/objenesis/objenesis/2.1/objenesis-2.1.jar:/Users/alexeybakulin/.m2/repository/org/hamcrest/hamcrest-core/1.3/hamcrest-core-1.3.jar:/Users/alexeybakulin/.m2/repository/org/hamcrest/hamcrest-library/1.3/hamcrest-library-1.3.jar:/Users/alexeybakulin/.m2/repository/org/springframework/spring-core/4.3.12.RELEASE/spring-core-4.3.12.RELEASE.jar:/Users/alexeybakulin/.m2/repository/org/springframework/spring-test/4.3.12.RELEASE/spring-test-4.3.12.RELEASE.jar:/Users/alexeybakulin/.m2/repository/org/skyscreamer/jsonassert/1.5.0/jsonassert-1.5.0.jar:/Users/alexeybakulin/.m2/repository/com/vaadin/external/google/android-json/0.0.20131108.vaadin1/android-json-0.0.20131108.vaadin1.jar:/Users/alexeybakulin/.m2/repository/org/projectlombok/lombok/1.16.18/lombok-1.16.18.jar:/Users/alexeybakulin/.m2/repository/commons-fileupload/commons-fileupload/1.3.2/commons-fileupload-1.3.2.jar:/Users/alexeybakulin/.m2/repository/commons-io/commons-io/2.2/commons-io-2.2.jar:/Users/alexeybakulin/.m2/repository/com/fasterxml/jackson/datatype/jackson-datatype-jsr310/2.8.10/jackson-datatype-jsr310-2.8.10.jar:/Users/alexeybakulin/.m2/repository/com/fasterxml/jackson/core/jackson-annotations/2.8.0/jackson-annotations-2.8.0.jar:/Users/alexeybakulin/.m2/repository/com/fasterxml/jackson/core/jackson-core/2.8.10/jackson-core-2.8.10.jar:, java.specification.name=Java Platform API Specification, java.class.version=52.0, sun.management.compiler=HotSpot 64-Bit Tiered Compilers, os.version=10.12.6, http.nonProxyHosts=local|*.local|169.254/16|*.169.254/16, user.home=/Users/alexeybakulin, user.timezone=Europe/Samara, java.awt.printerjob=sun.lwawt.macosx.CPrinterJob, file.encoding=UTF-8, java.specification.version=1.8, java.class.path=/Users/alexeybakulin/Projects/files/target/test-classes:/Users/alexeybakulin/Projects/files/target/classes:/Users/alexeybakulin/.m2/repository/org/apache/logging/log4j/log4j-api/2.7/log4j-api-2.7.jar:/Users/alexeybakulin/.m2/repository/org/apache/logging/log4j/log4j-core/2.7/log4j-core-2.7.jar:/Users/alexeybakulin/.m2/repository/org/springframework/boot/spring-boot-starter-web/1.5.8.RELEASE/spring-boot-starter-web-1.5.8.RELEASE.jar:/Users/alexeybakulin/.m2/repository/org/springframework/boot/spring-boot-starter/1.5.8.RELEASE/spring-boot-starter-1.5.8.RELEASE.jar:/Users/alexeybakulin/.m2/repository/org/springframework/boot/spring-boot/1.5.8.RELEASE/spring-boot-1.5.8.RELEASE.jar:/Users/alexeybakulin/.m2/repository/org/springframework/boot/spring-boot-autoconfigure/1.5.8.RELEASE/spring-boot-autoconfigure-1.5.8.RELEASE.jar:/Users/alexeybakulin/.m2/repository/org/springframework/boot/spring-boot-starter-logging/1.5.8.RELEASE/spring-boot-starter-logging-1.5.8.RELEASE.jar:/Users/alexeybakulin/.m2/repository/ch/qos/logback/logback-classic/1.1.11/logback-classic-1.1.11.jar:/Users/alexeybakulin/.m2/repository/ch/qos/logback/logback-core/1.1.11/logback-core-1.1.11.jar:/Users/alexeybakulin/.m2/repository/org/slf4j/jul-to-slf4j/1.7.25/jul-to-slf4j-1.7.25.jar:/Users/alexeybakulin/.m2/repository/org/slf4j/log4j-over-slf4j/1.7.25/log4j-over-slf4j-1.7.25.jar:/Users/alexeybakulin/.m2/repository/org/yaml/snakeyaml/1.17/snakeyaml-1.17.jar:/Users/alexeybakulin/.m2/repository/org/springframework/boot/spring-boot-starter-tomcat/1.5.8.RELEASE/spring-boot-starter-tomcat-1.5.8.RELEASE.jar:/Users/alexeybakulin/.m2/repository/org/apache/tomcat/embed/tomcat-embed-core/8.5.23/tomcat-embed-core-8.5.23.jar:/Users/alexeybakulin/.m2/repository/org/apache/tomcat/tomcat-annotations-api/8.5.23/tomcat-annotations-api-8.5.23.jar:/Users/alexeybakulin/.m2/repository/org/apache/tomcat/embed/tomcat-embed-el/8.5.23/tomcat-embed-el-8.5.23.jar:/Users/alexeybakulin/.m2/repository/org/apache/tomcat/embed/tomcat-embed-websocket/8.5.23/tomcat-embed-websocket-8.5.23.jar:/Users/alexeybakulin/.m2/repository/org/hibernate/hibernate-validator/5.3.5.Final/hibernate-validator-5.3.5.Final.jar:/Users/alexeybakulin/.m2/repository/javax/validation/validation-api/1.1.0.Final/validation-api-1.1.0.Final.jar:/Users/alexeybakulin/.m2/repository/com/fasterxml/classmate/1.3.4/classmate-1.3.4.jar:/Users/alexeybakulin/.m2/repository/com/fasterxml/jackson/core/jackson-databind/2.8.10/jackson-databind-2.8.10.jar:/Users/alexeybakulin/.m2/repository/org/springframework/spring-web/4.3.12.RELEASE/spring-web-4.3.12.RELEASE.jar:/Users/alexeybakulin/.m2/repository/org/springframework/spring-aop/4.3.12.RELEASE/spring-aop-4.3.12.RELEASE.jar:/Users/alexeybakulin/.m2/repository/org/springframework/spring-beans/4.3.12.RELEASE/spring-beans-4.3.12.RELEASE.jar:/Users/alexeybakulin/.m2/repository/org/springframework/spring-context/4.3.12.RELEASE/spring-context-4.3.12.RELEASE.jar:/Users/alexeybakulin/.m2/repository/org/springframework/spring-webmvc/4.3.12.RELEASE/spring-webmvc-4.3.12.RELEASE.jar:/Users/alexeybakulin/.m2/repository/org/springframework/spring-expression/4.3.12.RELEASE/spring-expression-4.3.12.RELEASE.jar:/Users/alexeybakulin/.m2/repository/org/springframework/boot/spring-boot-starter-data-jpa/1.5.8.RELEASE/spring-boot-starter-data-jpa-1.5.8.RELEASE.jar:/Users/alexeybakulin/.m2/repository/org/springframework/boot/spring-boot-starter-aop/1.5.8.RELEASE/spring-boot-starter-aop-1.5.8.RELEASE.jar:/Users/alexeybakulin/.m2/repository/org/aspectj/aspectjweaver/1.8.11/aspectjweaver-1.8.11.jar:/Users/alexeybakulin/.m2/repository/org/springframework/boot/spring-boot-starter-jdbc/1.5.8.RELEASE/spring-boot-starter-jdbc-1.5.8.RELEASE.jar:/Users/alexeybakulin/.m2/repository/org/apache/tomcat/tomcat-jdbc/8.5.23/tomcat-jdbc-8.5.23.jar:/Users/alexeybakulin/.m2/repository/org/apache/tomcat/tomcat-juli/8.5.23/tomcat-juli-8.5.23.jar:/Users/alexeybakulin/.m2/repository/org/springframework/spring-jdbc/4.3.12.RELEASE/spring-jdbc-4.3.12.RELEASE.jar:/Users/alexeybakulin/.m2/repository/org/hibernate/hibernate-entitymanager/5.0.12.Final/hibernate-entitymanager-5.0.12.Final.jar:/Users/alexeybakulin/.m2/repository/javax/transaction/javax.transaction-api/1.2/javax.transaction-api-1.2.jar:/Users/alexeybakulin/.m2/repository/org/springframework/data/spring-data-jpa/1.11.8.RELEASE/spring-data-jpa-1.11.8.RELEASE.jar:/Users/alexeybakulin/.m2/repository/org/springframework/data/spring-data-commons/1.13.8.RELEASE/spring-data-commons-1.13.8.RELEASE.jar:/Users/alexeybakulin/.m2/repository/org/springframework/spring-orm/4.3.12.RELEASE/spring-orm-4.3.12.RELEASE.jar:/Users/alexeybakulin/.m2/repository/org/springframework/spring-tx/4.3.12.RELEASE/spring-tx-4.3.12.RELEASE.jar:/Users/alexeybakulin/.m2/repository/org/slf4j/slf4j-api/1.7.25/slf4j-api-1.7.25.jar:/Users/alexeybakulin/.m2/repository/org/slf4j/jcl-over-slf4j/1.7.25/jcl-over-slf4j-1.7.25.jar:/Users/alexeybakulin/.m2/repository/org/springframework/spring-aspects/4.3.12.RELEASE/spring-aspects-4.3.12.RELEASE.jar:/Users/alexeybakulin/.m2/repository/com/h2database/h2/1.4.196/h2-1.4.196.jar:/Users/alexeybakulin/.m2/repository/org/hibernate/hibernate-core/5.0.12.Final/hibernate-core-5.0.12.Final.jar:/Users/alexeybakulin/.m2/repository/org/jboss/logging/jboss-logging/3.3.1.Final/jboss-logging-3.3.1.Final.jar:/Users/alexeybakulin/.m2/repository/org/hibernate/javax/persistence/hibernate-jpa-2.1-api/1.0.0.Final/hibernate-jpa-2.1-api-1.0.0.Final.jar:/Users/alexeybakulin/.m2/repository/org/javassist/javassist/3.21.0-GA/javassist-3.21.0-GA.jar:/Users/alexeybakulin/.m2/repository/antlr/antlr/2.7.7/antlr-2.7.7.jar:/Users/alexeybakulin/.m2/repository/org/apache/geronimo/specs/geronimo-jta_1.1_spec/1.1.1/geronimo-jta_1.1_spec-1.1.1.jar:/Users/alexeybakulin/.m2/repository/org/jboss/jandex/2.0.0.Final/jandex-2.0.0.Final.jar:/Users/alexeybakulin/.m2/repository/dom4j/dom4j/1.6.1/dom4j-1.6.1.jar:/Users/alexeybakulin/.m2/repository/org/hibernate/common/hibernate-commons-annotations/5.0.1.Final/hibernate-commons-annotations-5.0.1.Final.jar:/Users/alexeybakulin/.m2/repository/org/hibernate/hibernate-java8/5.0.12.Final/hibernate-java8-5.0.12.Final.jar:/Users/alexeybakulin/.m2/repository/org/springframework/boot/spring-boot-starter-test/1.5.8.RELEASE/spring-boot-starter-test-1.5.8.RELEASE.jar:/Users/alexeybakulin/.m2/repository/org/springframework/boot/spring-boot-test/1.5.8.RELEASE/spring-boot-test-1.5.8.RELEASE.jar:/Users/alexeybakulin/.m2/repository/org/springframework/boot/spring-boot-test-autoconfigure/1.5.8.RELEASE/spring-boot-test-autoconfigure-1.5.8.RELEASE.jar:/Users/alexeybakulin/.m2/repository/com/jayway/jsonpath/json-path/2.2.0/json-path-2.2.0.jar:/Users/alexeybakulin/.m2/repository/net/minidev/json-smart/2.2.1/json-smart-2.2.1.jar:/Users/alexeybakulin/.m2/repository/net/minidev/accessors-smart/1.1/accessors-smart-1.1.jar:/Users/alexeybakulin/.m2/repository/org/ow2/asm/asm/5.0.3/asm-5.0.3.jar:/Users/alexeybakulin/.m2/repository/junit/junit/4.12/junit-4.12.jar:/Users/alexeybakulin/.m2/repository/org/assertj/assertj-core/2.6.0/assertj-core-2.6.0.jar:/Users/alexeybakulin/.m2/repository/org/mockito/mockito-core/1.10.19/mockito-core-1.10.19.jar:/Users/alexeybakulin/.m2/repository/org/objenesis/objenesis/2.1/objenesis-2.1.jar:/Users/alexeybakulin/.m2/repository/org/hamcrest/hamcrest-core/1.3/hamcrest-core-1.3.jar:/Users/alexeybakulin/.m2/repository/org/hamcrest/hamcrest-library/1.3/hamcrest-library-1.3.jar:/Users/alexeybakulin/.m2/repository/org/springframework/spring-core/4.3.12.RELEASE/spring-core-4.3.12.RELEASE.jar:/Users/alexeybakulin/.m2/repository/org/springframework/spring-test/4.3.12.RELEASE/spring-test-4.3.12.RELEASE.jar:/Users/alexeybakulin/.m2/repository/org/skyscreamer/jsonassert/1.5.0/jsonassert-1.5.0.jar:/Users/alexeybakulin/.m2/repository/com/vaadin/external/google/android-json/0.0.20131108.vaadin1/android-json-0.0.20131108.vaadin1.jar:/Users/alexeybakulin/.m2/repository/org/projectlombok/lombok/1.16.18/lombok-1.16.18.jar:/Users/alexeybakulin/.m2/repository/commons-fileupload/commons-fileupload/1.3.2/commons-fileupload-1.3.2.jar:/Users/alexeybakulin/.m2/repository/commons-io/commons-io/2.2/commons-io-2.2.jar:/Users/alexeybakulin/.m2/repository/com/fasterxml/jackson/datatype/jackson-datatype-jsr310/2.8.10/jackson-datatype-jsr310-2.8.10.jar:/Users/alexeybakulin/.m2/repository/com/fasterxml/jackson/core/jackson-annotations/2.8.0/jackson-annotations-2.8.0.jar:/Users/alexeybakulin/.m2/repository/com/fasterxml/jackson/core/jackson-core/2.8.10/jackson-core-2.8.10.jar:, user.name=alexeybakulin, java.vm.specification.version=1.8, sun.java.command=/Users/alexeybakulin/Projects/files/target/surefire/surefirebooter5906400502298466496.jar /Users/alexeybakulin/Projects/files/target/surefire/surefire681321452025312312tmp /Users/alexeybakulin/Projects/files/target/surefire/surefire_06600459969130154534tmp, java.home=/Library/Java/JavaVirtualMachines/jdk1.8.0_144.jdk/Contents/Home/jre, sun.arch.data.model=64, user.language=en, java.specification.vendor=Oracle Corporation, awt.toolkit=sun.lwawt.macosx.LWCToolkit, java.vm.info=mixed mode, java.version=1.8.0_144, java.ext.dirs=/Users/alexeybakulin/Library/Java/Extensions:/Library/Java/JavaVirtualMachines/jdk1.8.0_144.jdk/Contents/Home/jre/lib/ext:/Library/Java/Extensions:/Network/Library/Java/Extensions:/System/Library/Java/Extensions:/usr/lib/java, sun.boot.class.path=/Library/Java/JavaVirtualMachines/jdk1.8.0_144.jdk/Contents/Home/jre/lib/resources.jar:/Library/Java/JavaVirtualMachines/jdk1.8.0_144.jdk/Contents/Home/jre/lib/rt.jar:/Library/Java/JavaVirtualMachines/jdk1.8.0_144.jdk/Contents/Home/jre/lib/sunrsasign.jar:/Library/Java/JavaVirtualMachines/jdk1.8.0_144.jdk/Contents/Home/jre/lib/jsse.jar:/Library/Java/JavaVirtualMachines/jdk1.8.0_144.jdk/Contents/Home/jre/lib/jce.jar:/Library/Java/JavaVirtualMachines/jdk1.8.0_144.jdk/Contents/Home/jre/lib/charsets.jar:/Library/Java/JavaVirtualMachines/jdk1.8.0_144.jdk/Contents/Home/jre/lib/jfr.jar:/Library/Java/JavaVirtualMachines/jdk1.8.0_144.jdk/Contents/Home/jre/classes, java.vendor=Oracle Corporation, localRepository=/Users/alexeybakulin/.m2/repository, file.separator=/, java.vendor.url.bug=http://bugreport.sun.com/bugreport/, sun.io.unicode.encoding=UnicodeBig, sun.cpu.endian=little, socksNonProxyHosts=local|*.local|169.254/16|*.169.254/16, ftp.nonProxyHosts=local|*.local|169.254/16|*.169.254/16, sun.cpu.isalist=}}, SystemEnvironmentPropertySource@1278677872 {name='systemEnvironment', properties={PATH=/opt/geth:/Applications/MySQLWorkbench.app/Contents/MacOS:/opt/flyway:/opt/local/bin:/opt/local/sbin:/opt/hadoop/bin:/opt/maven/bin:/usr/local/bin:/usr/bin:/bin:/usr/sbin:/sbin, JAVA_HOME=/Library/Java/JavaVirtualMachines/jdk1.8.0_144.jdk/Contents/Home, TERM=xterm-256color, JAVA_MAIN_CLASS_19391=org.codehaus.plexus.classworlds.launcher.Launcher, LOGNAME=alexeybakulin, GITAWAREPROMPT=/Users/alexeybakulin/.bash/git-aware-prompt, XPC_SERVICE_NAME=0, PWD=/Users/alexeybakulin/Projects/files, MAVEN_CMD_LINE_ARGS= clean package, JAVA_MAIN_CLASS_19410=org.apache.maven.surefire.booter.ForkedBooter, _=/Library/Java/JavaVirtualMachines/jdk1.8.0_144.jdk/Contents/Home/jre/bin/java, SHELL=/bin/bash, MAVEN_PROJECTBASEDIR=/Users/alexeybakulin/Projects/files, OLDPWD=/Users/alexeybakulin/Projects/files, USER=alexeybakulin, TMPDIR=/var/folders/nx/3g8svsxj0fz0_s7kd17jk_k80000gp/T/, SSH_AUTH_SOCK=/private/tmp/com.apple.launchd.afe7Xfu3kq/Listeners, XPC_FLAGS=0x0, HADOOP_HOME=/opt/hadoop, __CF_USER_TEXT_ENCODING=0x1F6:0x0:0x0, Apple_PubSub_Socket_Render=/private/tmp/com.apple.launchd.sxXwfC3suA/Render, LC_CTYPE=en_US.UTF-8, HOME=/Users/alexeybakulin, SHLVL=2, SUDO_PS1=\[&amp#27;[41m\]\u@\h\[&amp#27;(B&amp#27;[0m\] \w$\n}}]
17:54:32.196 [main] INFO org.springframework.boot.test.context.SpringBootTestContextBootstrapper - Found @SpringBootConfiguration com.project.sivakodali.App for test class com.project.sivakodali.controllers.FilesControllerTest
17:54:32.198 [main] DEBUG org.springframework.boot.test.autoconfigure.web.servlet.WebMvcTestContextBootstrapper - @TestExecutionListeners is not present for class [com.project.sivakodali.controllers.FilesControllerTest]: using defaults.
17:54:32.205 [main] INFO org.springframework.boot.test.autoconfigure.web.servlet.WebMvcTestContextBootstrapper - Loaded default TestExecutionListener class names from location [META-INF/spring.factories]: [org.springframework.boot.test.mock.mockito.MockitoTestExecutionListener, org.springframework.boot.test.mock.mockito.ResetMocksTestExecutionListener, org.springframework.boot.test.autoconfigure.restdocs.RestDocsTestExecutionListener, org.springframework.boot.test.autoconfigure.web.client.MockRestServiceServerResetTestExecutionListener, org.springframework.boot.test.autoconfigure.web.servlet.MockMvcPrintOnlyOnFailureTestExecutionListener, org.springframework.boot.test.autoconfigure.web.servlet.WebDriverTestExecutionListener, org.springframework.test.context.web.ServletTestExecutionListener, org.springframework.test.context.support.DirtiesContextBeforeModesTestExecutionListener, org.springframework.test.context.support.DependencyInjectionTestExecutionListener, org.springframework.test.context.support.DirtiesContextTestExecutionListener, org.springframework.test.context.transaction.TransactionalTestExecutionListener, org.springframework.test.context.jdbc.SqlScriptsTestExecutionListener]
17:54:32.215 [main] INFO org.springframework.boot.test.autoconfigure.web.servlet.WebMvcTestContextBootstrapper - Using TestExecutionListeners: [org.springframework.test.context.web.ServletTestExecutionListener@515c6049, org.springframework.test.context.support.DirtiesContextBeforeModesTestExecutionListener@639c2c1d, org.springframework.boot.test.autoconfigure.SpringBootDependencyInjectionTestExecutionListener@5fe94a96, org.springframework.test.context.support.DirtiesContextTestExecutionListener@443118b0, org.springframework.test.context.transaction.TransactionalTestExecutionListener@765d7657, org.springframework.test.context.jdbc.SqlScriptsTestExecutionListener@74235045, org.springframework.boot.test.autoconfigure.restdocs.RestDocsTestExecutionListener@618b19ad, org.springframework.boot.test.autoconfigure.web.servlet.WebDriverTestExecutionListener@2d3379b4, org.springframework.boot.test.mock.mockito.ResetMocksTestExecutionListener@30c15d8b, org.springframework.boot.test.autoconfigure.web.client.MockRestServiceServerResetTestExecutionListener@5e0e82ae, org.springframework.boot.test.autoconfigure.web.servlet.MockMvcPrintOnlyOnFailureTestExecutionListener@6771beb3, org.springframework.boot.test.mock.mockito.MockitoTestExecutionListener@51399530]
17:54:32.215 [main] DEBUG org.springframework.test.annotation.ProfileValueUtils - Retrieved @ProfileValueSourceConfiguration [null] for test class [com.project.sivakodali.controllers.FilesControllerTest]
17:54:32.215 [main] DEBUG org.springframework.test.annotation.ProfileValueUtils - Retrieved ProfileValueSource type [class org.springframework.test.annotation.SystemProfileValueSource] for class [com.project.sivakodali.controllers.FilesControllerTest]
17:54:32.216 [main] DEBUG org.springframework.test.annotation.ProfileValueUtils - Retrieved @ProfileValueSourceConfiguration [null] for test class [com.project.sivakodali.controllers.FilesControllerTest]
17:54:32.216 [main] DEBUG org.springframework.test.annotation.ProfileValueUtils - Retrieved ProfileValueSource type [class org.springframework.test.annotation.SystemProfileValueSource] for class [com.project.sivakodali.controllers.FilesControllerTest]
]]></system-out>
  </testcase>
</testsuite>